#! /usr/share/iverilog-0.9.7/bin/vvp
:ivl_version "0.9.7 " "(v0_9_6)";
:vpi_time_precision - 12;
:vpi_module "system";
:vpi_module "v2005_math";
:vpi_module "va_math";
S_0x1d6ca90 .scope module, "game_tb" "game_tb" 2 26;
 .timescale -9 -12;
v0x1ddd560 .array "MOVES", 12 0, 36 0;
v0x1ddd600_0 .var "buttonO", 0 0;
v0x1ddd6b0_0 .var "buttonX", 0 0;
v0x1ddd760_0 .var "chk_occ_player", 8 0;
v0x1ddd810_0 .var "chk_occ_square", 8 0;
v0x1ddd890_0 .var "chk_result", 3 0;
v0x1ddd950_0 .var "clk", 0 0;
v0x1ddd9d0_0 .var "flash_clk", 0 0;
v0x1dddad0_0 .net "game_result", 3 0, v0x1d2a450_0; 1 drivers
v0x1dddb80_0 .net "game_st", 7 0, v0x1ddbda0_0; 1 drivers
v0x1dddc00_0 .var/i "i", 31 0;
v0x1dddc80_0 .var/i "j", 31 0;
v0x1dddd00_0 .net "occ_player", 8 0, v0x1ddbf70_0; 1 drivers
v0x1ddddd0_0 .net "occ_pos", 8 0, v0x1ddbff0_0; 1 drivers
v0x1ddded0_0 .net "occ_square", 8 0, v0x1ddc070_0; 1 drivers
v0x1dddf50_0 .var "reset", 0 0;
v0x1ddde50_0 .net "sel_pos", 8 0, v0x1dd05b0_0; 1 drivers
v0x1dde060_0 .var "sel_pos_binary", 3 0;
v0x1dde180_0 .net "turnO", 0 0, v0x1ddc2c0_0; 1 drivers
v0x1dde200_0 .net "turnX", 0 0, v0x1ddc3e0_0; 1 drivers
S_0x1ddd470 .scope task, "chk_game_st" "chk_game_st" 2 219, 2 219, S_0x1d6ca90;
 .timescale -9 -12;
TD_game_tb.chk_game_st ;
    %movi 8, 24, 6;
    %ix/getv/s 3, v0x1dddc00_0;
    %jmp/1 T_0.0, 4;
    %ix/get/s 0, 8, 6;
T_0.0 ;
    %load/avx.p 8, v0x1ddd560, 0;
    %load/avx.p 9, v0x1ddd560, 0;
    %load/avx.p 10, v0x1ddd560, 0;
    %load/avx.p 11, v0x1ddd560, 0;
; Save base=8 wid=4 in lookaside.
    %set/v v0x1ddd890_0, 8, 4;
    %load/v 8, v0x1ddd890_0, 4;
    %load/v 12, v0x1dddad0_0, 4;
    %cmp/u 8, 12, 4;
    %jmp/0xz  T_0.1, 4;
    %vpi_call 2 223 "$display", "* Status: correct game status, %s", v0x1dddb80_0;
    %jmp T_0.2;
T_0.1 ;
    %vpi_call 2 226 "$display", "* Status: INCORRECT game status, %s", v0x1dddb80_0;
T_0.2 ;
    %end;
S_0x1ddd380 .scope task, "chk_placement" "chk_placement" 2 202, 2 202, S_0x1d6ca90;
 .timescale -9 -12;
TD_game_tb.chk_placement ;
    %movi 8, 6, 4;
    %ix/getv/s 3, v0x1dddc00_0;
    %jmp/1 T_1.3, 4;
    %ix/get/s 0, 8, 4;
T_1.3 ;
    %load/avx.p 8, v0x1ddd560, 0;
    %load/avx.p 9, v0x1ddd560, 0;
    %load/avx.p 10, v0x1ddd560, 0;
    %load/avx.p 11, v0x1ddd560, 0;
    %load/avx.p 12, v0x1ddd560, 0;
    %load/avx.p 13, v0x1ddd560, 0;
    %load/avx.p 14, v0x1ddd560, 0;
    %load/avx.p 15, v0x1ddd560, 0;
    %load/avx.p 16, v0x1ddd560, 0;
; Save base=8 wid=9 in lookaside.
    %set/v v0x1ddd810_0, 8, 9;
    %movi 8, 15, 5;
    %ix/getv/s 3, v0x1dddc00_0;
    %jmp/1 T_1.4, 4;
    %ix/get/s 0, 8, 5;
T_1.4 ;
    %load/avx.p 8, v0x1ddd560, 0;
    %load/avx.p 9, v0x1ddd560, 0;
    %load/avx.p 10, v0x1ddd560, 0;
    %load/avx.p 11, v0x1ddd560, 0;
    %load/avx.p 12, v0x1ddd560, 0;
    %load/avx.p 13, v0x1ddd560, 0;
    %load/avx.p 14, v0x1ddd560, 0;
    %load/avx.p 15, v0x1ddd560, 0;
    %load/avx.p 16, v0x1ddd560, 0;
; Save base=8 wid=9 in lookaside.
    %set/v v0x1ddd760_0, 8, 9;
    %load/v 8, v0x1ddded0_0, 9;
    %load/v 17, v0x1ddd810_0, 9;
    %cmp/u 8, 17, 9;
    %mov 8, 4, 1;
    %load/v 9, v0x1dddd00_0, 9;
    %load/v 18, v0x1ddd760_0, 9;
    %cmp/u 9, 18, 9;
    %mov 9, 4, 1;
    %and 8, 9, 1;
    %jmp/0xz  T_1.5, 8;
    %vpi_call 2 207 "$display", "* Status: correct placement";
    %jmp T_1.6;
T_1.5 ;
    %load/v 8, v0x1ddded0_0, 9;
    %load/v 17, v0x1ddd810_0, 9;
    %cmp/u 8, 17, 9;
    %inv 4, 1;
    %jmp/0xz  T_1.7, 4;
    %vpi_call 2 210 "$display", "* Status: INCORRECT occupied square";
    %jmp T_1.8;
T_1.7 ;
    %load/v 8, v0x1dddd00_0, 9;
    %load/v 17, v0x1ddd760_0, 9;
    %cmp/u 8, 17, 9;
    %inv 4, 1;
    %jmp/0xz  T_1.9, 4;
    %vpi_call 2 213 "$display", "* Status: INCORRECT player position";
T_1.9 ;
T_1.8 ;
T_1.6 ;
    %end;
S_0x1ddd290 .scope task, "disp_gamestate" "disp_gamestate" 2 181, 2 181, S_0x1d6ca90;
 .timescale -9 -12;
TD_game_tb.disp_gamestate ;
    %vpi_call 2 183 "$display", "* Status: Result: %b, GameState:%s", v0x1dddad0_0, v0x1dddb80_0;
    %ix/load 1, 6, 0;
    %mov 4, 0, 1;
    %jmp/1 T_2.11, 4;
    %load/x1p 8, v0x1dddd00_0, 3;
    %jmp T_2.12;
T_2.11 ;
    %mov 8, 2, 3;
T_2.12 ;
; Save base=8 wid=3 in lookaside.
    %ix/load 1, 6, 0;
    %mov 4, 0, 1;
    %jmp/1 T_2.13, 4;
    %load/x1p 11, v0x1ddded0_0, 3;
    %jmp T_2.14;
T_2.13 ;
    %mov 11, 2, 3;
T_2.14 ;
; Save base=11 wid=3 in lookaside.
    %and 8, 11, 3;
    %ix/load 1, 6, 0;
    %mov 4, 0, 1;
    %jmp/1 T_2.15, 4;
    %load/x1p 11, v0x1dddd00_0, 3;
    %jmp T_2.16;
T_2.15 ;
    %mov 11, 2, 3;
T_2.16 ;
; Save base=11 wid=3 in lookaside.
    %inv 11, 3;
    %ix/load 1, 6, 0;
    %mov 4, 0, 1;
    %jmp/1 T_2.17, 4;
    %load/x1p 14, v0x1ddded0_0, 3;
    %jmp T_2.18;
T_2.17 ;
    %mov 14, 2, 3;
T_2.18 ;
; Save base=14 wid=3 in lookaside.
    %and 11, 14, 3;
    %ix/load 1, 3, 0;
    %mov 4, 0, 1;
    %jmp/1 T_2.19, 4;
    %load/x1p 14, v0x1dddd00_0, 3;
    %jmp T_2.20;
T_2.19 ;
    %mov 14, 2, 3;
T_2.20 ;
; Save base=14 wid=3 in lookaside.
    %ix/load 1, 3, 0;
    %mov 4, 0, 1;
    %jmp/1 T_2.21, 4;
    %load/x1p 17, v0x1ddded0_0, 3;
    %jmp T_2.22;
T_2.21 ;
    %mov 17, 2, 3;
T_2.22 ;
; Save base=17 wid=3 in lookaside.
    %and 14, 17, 3;
    %ix/load 1, 3, 0;
    %mov 4, 0, 1;
    %jmp/1 T_2.23, 4;
    %load/x1p 17, v0x1dddd00_0, 3;
    %jmp T_2.24;
T_2.23 ;
    %mov 17, 2, 3;
T_2.24 ;
; Save base=17 wid=3 in lookaside.
    %inv 17, 3;
    %ix/load 1, 3, 0;
    %mov 4, 0, 1;
    %jmp/1 T_2.25, 4;
    %load/x1p 20, v0x1ddded0_0, 3;
    %jmp T_2.26;
T_2.25 ;
    %mov 20, 2, 3;
T_2.26 ;
; Save base=20 wid=3 in lookaside.
    %and 17, 20, 3;
    %load/v 20, v0x1dddd00_0, 3; Only need 3 of 9 bits
; Save base=20 wid=3 in lookaside.
    %load/v 23, v0x1ddded0_0, 3; Only need 3 of 9 bits
; Save base=23 wid=3 in lookaside.
    %and 20, 23, 3;
    %load/v 23, v0x1dddd00_0, 3; Only need 3 of 9 bits
; Save base=23 wid=3 in lookaside.
    %inv 23, 3;
    %load/v 26, v0x1ddded0_0, 3; Only need 3 of 9 bits
; Save base=26 wid=3 in lookaside.
    %and 23, 26, 3;
    %vpi_call 2 185 "$display", "*\011X Pos:\011O Pos:\012\011%b\011%b\012\011%b\011%b\012\011%b\011%b\012", T<8,3,u>, T<11,3,u>, T<14,3,u>, T<17,3,u>, T<20,3,u>, T<23,3,u>;
    %end;
S_0x1ddd1a0 .scope task, "load_move" "load_move" 2 193, 2 193, S_0x1d6ca90;
 .timescale -9 -12;
TD_game_tb.load_move ;
    %ix/getv/s 3, v0x1dddc00_0;
    %jmp/1 T_3.27, 4;
    %ix/get/s 0, 0, 2;
T_3.27 ;
    %load/avx.p 8, v0x1ddd560, 0;
    %load/avx.p 9, v0x1ddd560, 0;
    %load/avx.p 10, v0x1ddd560, 0;
    %load/avx.p 11, v0x1ddd560, 0;
; Save base=8 wid=4 in lookaside.
    %set/v v0x1dde060_0, 8, 4;
    %delay 0, 0;
    %end;
S_0x1ddd0b0 .scope task, "no_turn" "no_turn" 2 132, 2 132, S_0x1d6ca90;
 .timescale -9 -12;
TD_game_tb.no_turn ;
    %movi 8, 4, 4;
    %ix/getv/s 3, v0x1dddc00_0;
    %jmp/1 T_4.28, 4;
    %ix/get/s 0, 8, 4;
T_4.28 ;
    %load/avx.p 8, v0x1ddd560, 0;
    %load/avx.p 9, v0x1ddd560, 0;
; Save base=8 wid=2 in lookaside.
    %cmpi/u 8, 0, 2;
    %jmp/1 T_4.29, 6;
    %cmpi/u 8, 1, 2;
    %jmp/1 T_4.30, 6;
    %cmpi/u 8, 2, 2;
    %jmp/1 T_4.31, 6;
    %cmpi/u 8, 3, 2;
    %jmp/1 T_4.32, 6;
    %jmp T_4.33;
T_4.29 ;
    %movi 8, 5, 4;
    %ix/getv/s 3, v0x1dddc00_0;
    %jmp/1 T_4.34, 4;
    %ix/get/s 0, 8, 4;
T_4.34 ;
    %load/avx.p 8, v0x1ddd560, 0;
; Save base=8 wid=1 in lookaside.
    %set/v v0x1ddd6b0_0, 8, 1;
    %movi 8, 4, 4;
    %ix/getv/s 3, v0x1dddc00_0;
    %jmp/1 T_4.35, 4;
    %ix/get/s 0, 8, 4;
T_4.35 ;
    %load/avx.p 8, v0x1ddd560, 0;
; Save base=8 wid=1 in lookaside.
    %set/v v0x1ddd600_0, 8, 1;
    %jmp T_4.33;
T_4.30 ;
    %movi 8, 5, 4;
    %ix/getv/s 3, v0x1dddc00_0;
    %jmp/1 T_4.36, 4;
    %ix/get/s 0, 8, 4;
T_4.36 ;
    %load/avx.p 8, v0x1ddd560, 0;
; Save base=8 wid=1 in lookaside.
    %set/v v0x1ddd6b0_0, 8, 1;
    %movi 8, 4, 4;
    %ix/getv/s 3, v0x1dddc00_0;
    %jmp/1 T_4.37, 4;
    %ix/get/s 0, 8, 4;
T_4.37 ;
    %load/avx.p 8, v0x1ddd560, 0;
; Save base=8 wid=1 in lookaside.
    %set/v v0x1ddd600_0, 8, 1;
    %jmp T_4.33;
T_4.31 ;
    %movi 8, 5, 4;
    %ix/getv/s 3, v0x1dddc00_0;
    %jmp/1 T_4.38, 4;
    %ix/get/s 0, 8, 4;
T_4.38 ;
    %load/avx.p 8, v0x1ddd560, 0;
; Save base=8 wid=1 in lookaside.
    %set/v v0x1ddd6b0_0, 8, 1;
    %movi 8, 4, 4;
    %ix/getv/s 3, v0x1dddc00_0;
    %jmp/1 T_4.39, 4;
    %ix/get/s 0, 8, 4;
T_4.39 ;
    %load/avx.p 8, v0x1ddd560, 0;
; Save base=8 wid=1 in lookaside.
    %set/v v0x1ddd600_0, 8, 1;
    %jmp T_4.33;
T_4.32 ;
    %set/v v0x1ddd6b0_0, 0, 1;
    %set/v v0x1ddd600_0, 0, 1;
    %vpi_call 2 140 "$display", "* Error: Improper input condition!";
    %jmp T_4.33;
T_4.33 ;
    %vpi_call 2 143 "$display", "* Status: No Turn @ line #: %d Reset: %b, Turn X,O: %b%b Button Pushed X,O :%b%b\012", v0x1dddc00_0, v0x1dddf50_0, v0x1dde200_0, v0x1dde180_0, v0x1ddd6b0_0, v0x1ddd600_0;
    %fork TD_game_tb.tick, S_0x1ddce10;
    %join;
    %set/v v0x1ddd6b0_0, 0, 1;
    %set/v v0x1ddd600_0, 0, 1;
    %set/v v0x1dddf50_0, 0, 1;
    %fork TD_game_tb.disp_gamestate, S_0x1ddd290;
    %join;
    %fork TD_game_tb.chk_placement, S_0x1ddd380;
    %join;
    %fork TD_game_tb.chk_game_st, S_0x1ddd470;
    %join;
    %end;
S_0x1ddcf00 .scope task, "rst_turn" "rst_turn" 2 154, 2 154, S_0x1d6ca90;
 .timescale -9 -12;
v0x1ddcff0_0 .var/i "cycles", 31 0;
TD_game_tb.rst_turn ;
    %set/v v0x1dddf50_0, 1, 1;
    %load/v 8, v0x1ddcff0_0, 32;
    %set/v v0x1ddca00_0, 8, 32;
    %fork TD_game_tb.wait_cycles, S_0x1ddcc10;
    %join;
    %set/v v0x1dddf50_0, 0, 1;
    %fork TD_game_tb.tick, S_0x1ddce10;
    %join;
    %vpi_call 2 162 "$display", "*\012*\012*\012* Command: RESET GAME\012*\012*\012*\012";
    %end;
S_0x1ddce10 .scope task, "tick" "tick" 2 232, 2 232, S_0x1d6ca90;
 .timescale -9 -12;
TD_game_tb.tick ;
    %delay 10000, 0;
    %set/v v0x1ddd950_0, 1, 1;
    %delay 10000, 0;
    %set/v v0x1ddd950_0, 0, 1;
    %end;
S_0x1ddcd20 .scope task, "turn" "turn" 2 106, 2 106, S_0x1d6ca90;
 .timescale -9 -12;
TD_game_tb.turn ;
    %movi 8, 4, 4;
    %ix/getv/s 3, v0x1dddc00_0;
    %jmp/1 T_7.40, 4;
    %ix/get/s 0, 8, 4;
T_7.40 ;
    %load/avx.p 8, v0x1ddd560, 0;
    %load/avx.p 9, v0x1ddd560, 0;
; Save base=8 wid=2 in lookaside.
    %cmpi/u 8, 0, 2;
    %jmp/1 T_7.41, 6;
    %cmpi/u 8, 1, 2;
    %jmp/1 T_7.42, 6;
    %cmpi/u 8, 2, 2;
    %jmp/1 T_7.43, 6;
    %cmpi/u 8, 3, 2;
    %jmp/1 T_7.44, 6;
    %jmp T_7.45;
T_7.41 ;
    %movi 8, 5, 4;
    %ix/getv/s 3, v0x1dddc00_0;
    %jmp/1 T_7.46, 4;
    %ix/get/s 0, 8, 4;
T_7.46 ;
    %load/avx.p 8, v0x1ddd560, 0;
; Save base=8 wid=1 in lookaside.
    %set/v v0x1ddd6b0_0, 8, 1;
    %movi 8, 4, 4;
    %ix/getv/s 3, v0x1dddc00_0;
    %jmp/1 T_7.47, 4;
    %ix/get/s 0, 8, 4;
T_7.47 ;
    %load/avx.p 8, v0x1ddd560, 0;
; Save base=8 wid=1 in lookaside.
    %set/v v0x1ddd600_0, 8, 1;
    %jmp T_7.45;
T_7.42 ;
    %movi 8, 5, 4;
    %ix/getv/s 3, v0x1dddc00_0;
    %jmp/1 T_7.48, 4;
    %ix/get/s 0, 8, 4;
T_7.48 ;
    %load/avx.p 8, v0x1ddd560, 0;
; Save base=8 wid=1 in lookaside.
    %set/v v0x1ddd6b0_0, 8, 1;
    %movi 8, 4, 4;
    %ix/getv/s 3, v0x1dddc00_0;
    %jmp/1 T_7.49, 4;
    %ix/get/s 0, 8, 4;
T_7.49 ;
    %load/avx.p 8, v0x1ddd560, 0;
; Save base=8 wid=1 in lookaside.
    %set/v v0x1ddd600_0, 8, 1;
    %jmp T_7.45;
T_7.43 ;
    %movi 8, 5, 4;
    %ix/getv/s 3, v0x1dddc00_0;
    %jmp/1 T_7.50, 4;
    %ix/get/s 0, 8, 4;
T_7.50 ;
    %load/avx.p 8, v0x1ddd560, 0;
; Save base=8 wid=1 in lookaside.
    %set/v v0x1ddd6b0_0, 8, 1;
    %movi 8, 4, 4;
    %ix/getv/s 3, v0x1dddc00_0;
    %jmp/1 T_7.51, 4;
    %ix/get/s 0, 8, 4;
T_7.51 ;
    %load/avx.p 8, v0x1ddd560, 0;
; Save base=8 wid=1 in lookaside.
    %set/v v0x1ddd600_0, 8, 1;
    %jmp T_7.45;
T_7.44 ;
    %set/v v0x1ddd6b0_0, 0, 1;
    %set/v v0x1ddd600_0, 0, 1;
    %vpi_call 2 114 "$display", "* Error: Improper input condition!";
    %jmp T_7.45;
T_7.45 ;
    %vpi_call 2 117 "$display", "* Status: Turn @ line #: %d Reset: %b, Turn X,O: %b%b Button Pushed X,O :%b%b\012*\011Move Pos: \012\011%b\012\011%b\012\011%b", v0x1dddc00_0, v0x1dddf50_0, v0x1dde200_0, v0x1dde180_0, v0x1ddd6b0_0, v0x1ddd600_0, &PV<v0x1ddde50_0, 6, 3>, &PV<v0x1ddde50_0, 3, 3>, &PV<v0x1ddde50_0, 0, 3>;
    %fork TD_game_tb.tick, S_0x1ddce10;
    %join;
    %set/v v0x1ddd6b0_0, 0, 1;
    %set/v v0x1ddd600_0, 0, 1;
    %set/v v0x1dddf50_0, 0, 1;
T_7.52 ;
    %load/v 8, v0x1dde200_0, 1;
    %load/v 9, v0x1dde180_0, 1;
    %or 8, 9, 1;
    %load/v 9, v0x1dddad0_0, 4;
    %or/r 9, 9, 4;
    %or 8, 9, 1;
    %inv 8, 1;
    %jmp/0xz T_7.53, 8;
    %fork TD_game_tb.tick, S_0x1ddce10;
    %join;
    %jmp T_7.52;
T_7.53 ;
    %fork TD_game_tb.disp_gamestate, S_0x1ddd290;
    %join;
    %fork TD_game_tb.chk_placement, S_0x1ddd380;
    %join;
    %fork TD_game_tb.chk_game_st, S_0x1ddd470;
    %join;
    %end;
S_0x1ddcc10 .scope task, "wait_cycles" "wait_cycles" 2 167, 2 167, S_0x1d6ca90;
 .timescale -9 -12;
v0x1ddca00_0 .var/i "cycles", 31 0;
TD_game_tb.wait_cycles ;
    %load/v 8, v0x1ddca00_0, 32;
    %set/v v0x1dddc80_0, 8, 32;
T_8.54 ;
    %load/v 8, v0x1dddc80_0, 32;
    %cmp/s 0, 8, 32;
    %jmp/0xz T_8.55, 5;
    %fork TD_game_tb.tick, S_0x1ddce10;
    %join;
    %load/v 8, v0x1dddc80_0, 32;
    %mov 40, 39, 1;
    %subi 8, 1, 33;
    %set/v v0x1dddc80_0, 8, 32;
    %jmp T_8.54;
T_8.55 ;
    %end;
S_0x1dd0650 .scope module, "TTT0" "tictactoe" 2 32, 3 78, S_0x1d6ca90;
 .timescale -9 -12;
v0x1ddbb70_0 .net "buttonO", 0 0, v0x1ddd600_0; 1 drivers
v0x1ddbbf0_0 .net "buttonX", 0 0, v0x1ddd6b0_0; 1 drivers
v0x1ddbc70_0 .net "clk", 0 0, v0x1ddd950_0; 1 drivers
v0x1ddbcf0_0 .net "flash_clk", 0 0, v0x1ddd9d0_0; 1 drivers
v0x1ddbda0_0 .var "game_st_ascii", 7 0;
v0x1ddbe50_0 .var "game_state", 3 0;
v0x1ddbed0_0 .var "nx_game_state", 3 0;
v0x1ddbf70_0 .var "occ_player", 8 0;
v0x1ddbff0_0 .var "occ_pos", 8 0;
v0x1ddc070_0 .var "occ_square", 8 0;
v0x1ddc0f0_0 .var "prevalid", 0 0;
v0x1ddc170_0 .net "reset", 0 0, v0x1dddf50_0; 1 drivers
v0x1ddc1f0_0 .alias "sel_pos", 8 0, v0x1ddde50_0;
v0x1ddc2c0_0 .var "turnO", 0 0;
v0x1ddc3e0_0 .var "turnX", 0 0;
v0x1ddc480_0 .net "valid", 0 0, L_0x1de08f0; 1 drivers
RS_0x7fab278f6958 .resolv tri, L_0x1de06e0, L_0x1de61f0, C4<zz>, C4<zz>;
v0x1ddc340_0 .net8 "victory", 1 0, RS_0x7fab278f6958; 2 drivers
v0x1ddc590_0 .var "win1", 0 0;
v0x1ddc500_0 .var "win2", 0 0;
v0x1ddc6b0_0 .var "win3", 0 0;
v0x1ddc630_0 .var "win4", 0 0;
v0x1ddc800_0 .var "win5", 0 0;
v0x1ddc750_0 .var "win6", 0 0;
v0x1ddc960_0 .var "win7", 0 0;
v0x1ddc8a0_0 .var "win8", 0 0;
v0x1ddcab0_0 .var "wincat", 0 0;
E_0x1dd0740/0 .event edge, v0x1ddbe50_0, v0x1ddbbf0_0, v0x1ddbb70_0, v0x1ddb810_0;
E_0x1dd0740/1 .event edge, v0x1ddc0f0_0, v0x1dd9130_0, v0x1dd05b0_0, v0x1dd9090_0;
E_0x1dd0740/2 .event edge, v0x1ddcab0_0, v0x1dd91d0_0;
E_0x1dd0740 .event/or E_0x1dd0740/0, E_0x1dd0740/1, E_0x1dd0740/2;
E_0x1dd07f0 .event edge, v0x1ddbe50_0;
E_0x1dd0840 .event edge, v0x1dd02f0_0, v0x1ddbcf0_0, v0x1dd9130_0, v0x1dd9090_0;
E_0x1dd08a0 .event posedge, v0x1ddbc70_0;
E_0x1dd0900 .event posedge, v0x1ddbcf0_0;
E_0x1dd0950 .event edge, v0x1dd9130_0, v0x1dd9090_0;
S_0x1dd9270 .scope module, "validmove" "validmove" 3 105, 3 45, S_0x1dd0650;
 .timescale -9 -12;
L_0x1dda210 .functor NOT 1, L_0x1dde0e0, C4<0>, C4<0>, C4<0>;
L_0x1dde550 .functor AND 1, L_0x1dda210, L_0x1dde420, C4<1>, C4<1>;
L_0x1dde6a0 .functor NOT 1, L_0x1dde600, C4<0>, C4<0>, C4<0>;
L_0x1dde820 .functor AND 1, L_0x1dde6a0, L_0x1dde750, C4<1>, C4<1>;
L_0x1dde950 .functor OR 1, L_0x1dde550, L_0x1dde820, C4<0>, C4<0>;
L_0x1ddeaf0 .functor NOT 1, L_0x1ddea50, C4<0>, C4<0>, C4<0>;
L_0x1ddec80 .functor AND 1, L_0x1ddeaf0, L_0x1ddeba0, C4<1>, C4<1>;
L_0x1dded80 .functor OR 1, L_0x1dde950, L_0x1ddec80, C4<0>, C4<0>;
L_0x1ddef70 .functor NOT 1, L_0x1ddeed0, C4<0>, C4<0>, C4<0>;
L_0x1ddf110 .functor AND 1, L_0x1ddef70, L_0x1ddf020, C4<1>, C4<1>;
L_0x1ddf270 .functor OR 1, L_0x1dded80, L_0x1ddf110, C4<0>, C4<0>;
L_0x1dde360 .functor NOT 1, L_0x1ddf320, C4<0>, C4<0>, C4<0>;
L_0x1dde4c0 .functor AND 1, L_0x1dde360, L_0x1ddf520, C4<1>, C4<1>;
L_0x1ddf720 .functor OR 1, L_0x1ddf270, L_0x1dde4c0, C4<0>, C4<0>;
L_0x1ddf940 .functor NOT 1, L_0x1ddf8a0, C4<0>, C4<0>, C4<0>;
L_0x1ddf210 .functor AND 1, L_0x1ddf940, L_0x1ddf9f0, C4<1>, C4<1>;
L_0x1ddfbc0 .functor OR 1, L_0x1ddf720, L_0x1ddf210, C4<0>, C4<0>;
L_0x1ddfd60 .functor NOT 1, L_0x1ddfcc0, C4<0>, C4<0>, C4<0>;
L_0x1ddfb30 .functor AND 1, L_0x1ddfd60, L_0x1ddfeb0, C4<1>, C4<1>;
L_0x1ddfff0 .functor OR 1, L_0x1ddfbc0, L_0x1ddfb30, C4<0>, C4<0>;
L_0x1de01a0 .functor NOT 1, L_0x1ddfe10, C4<0>, C4<0>, C4<0>;
L_0x1de0380 .functor AND 1, L_0x1de01a0, L_0x1de0250, C4<1>, C4<1>;
L_0x1de00f0 .functor OR 1, L_0x1ddfff0, L_0x1de0380, C4<0>, C4<0>;
L_0x1de0630 .functor NOT 1, L_0x1de0590, C4<0>, C4<0>, C4<0>;
L_0x1de02f0 .functor AND 1, L_0x1de0630, L_0x1de0480, C4<1>, C4<1>;
L_0x1de08f0 .functor OR 1, L_0x1de00f0, L_0x1de02f0, C4<0>, C4<0>;
v0x1dd9360_0 .net *"_s1", 0 0, L_0x1dde0e0; 1 drivers
v0x1dd9c50_0 .net *"_s10", 0 0, L_0x1dde6a0; 1 drivers
v0x1dd9cd0_0 .net *"_s13", 0 0, L_0x1dde750; 1 drivers
v0x1dd9d50_0 .net *"_s14", 0 0, L_0x1dde820; 1 drivers
v0x1dd9e00_0 .net *"_s16", 0 0, L_0x1dde950; 1 drivers
v0x1dd9e80_0 .net *"_s19", 0 0, L_0x1ddea50; 1 drivers
v0x1dd9f60_0 .net *"_s2", 0 0, L_0x1dda210; 1 drivers
v0x1dda000_0 .net *"_s20", 0 0, L_0x1ddeaf0; 1 drivers
v0x1dda0f0_0 .net *"_s23", 0 0, L_0x1ddeba0; 1 drivers
v0x1dda190_0 .net *"_s24", 0 0, L_0x1ddec80; 1 drivers
v0x1dda290_0 .net *"_s26", 0 0, L_0x1dded80; 1 drivers
v0x1dda330_0 .net *"_s29", 0 0, L_0x1ddeed0; 1 drivers
v0x1dda440_0 .net *"_s30", 0 0, L_0x1ddef70; 1 drivers
v0x1dda4e0_0 .net *"_s33", 0 0, L_0x1ddf020; 1 drivers
v0x1dda600_0 .net *"_s34", 0 0, L_0x1ddf110; 1 drivers
v0x1dda6a0_0 .net *"_s36", 0 0, L_0x1ddf270; 1 drivers
v0x1dda560_0 .net *"_s39", 0 0, L_0x1ddf320; 1 drivers
v0x1dda7f0_0 .net *"_s40", 0 0, L_0x1dde360; 1 drivers
v0x1dda910_0 .net *"_s43", 0 0, L_0x1ddf520; 1 drivers
v0x1dda990_0 .net *"_s44", 0 0, L_0x1dde4c0; 1 drivers
v0x1dda870_0 .net *"_s46", 0 0, L_0x1ddf720; 1 drivers
v0x1ddaac0_0 .net *"_s49", 0 0, L_0x1ddf8a0; 1 drivers
v0x1ddaa10_0 .net *"_s5", 0 0, L_0x1dde420; 1 drivers
v0x1ddac00_0 .net *"_s50", 0 0, L_0x1ddf940; 1 drivers
v0x1ddab60_0 .net *"_s53", 0 0, L_0x1ddf9f0; 1 drivers
v0x1ddad50_0 .net *"_s54", 0 0, L_0x1ddf210; 1 drivers
v0x1ddaca0_0 .net *"_s56", 0 0, L_0x1ddfbc0; 1 drivers
v0x1ddaeb0_0 .net *"_s59", 0 0, L_0x1ddfcc0; 1 drivers
v0x1ddadf0_0 .net *"_s6", 0 0, L_0x1dde550; 1 drivers
v0x1ddb020_0 .net *"_s60", 0 0, L_0x1ddfd60; 1 drivers
v0x1ddaf30_0 .net *"_s63", 0 0, L_0x1ddfeb0; 1 drivers
v0x1ddb1a0_0 .net *"_s64", 0 0, L_0x1ddfb30; 1 drivers
v0x1ddb0a0_0 .net *"_s66", 0 0, L_0x1ddfff0; 1 drivers
v0x1ddb330_0 .net *"_s69", 0 0, L_0x1ddfe10; 1 drivers
v0x1ddb220_0 .net *"_s70", 0 0, L_0x1de01a0; 1 drivers
v0x1ddb4d0_0 .net *"_s73", 0 0, L_0x1de0250; 1 drivers
v0x1ddb3b0_0 .net *"_s74", 0 0, L_0x1de0380; 1 drivers
v0x1ddb450_0 .net *"_s76", 0 0, L_0x1de00f0; 1 drivers
v0x1ddb690_0 .net *"_s79", 0 0, L_0x1de0590; 1 drivers
v0x1ddb710_0 .net *"_s80", 0 0, L_0x1de0630; 1 drivers
v0x1ddb550_0 .net *"_s83", 0 0, L_0x1de0480; 1 drivers
v0x1ddb5f0_0 .net *"_s84", 0 0, L_0x1de02f0; 1 drivers
v0x1ddb8f0_0 .net *"_s9", 0 0, L_0x1dde600; 1 drivers
v0x1ddb970_0 .alias "occ_square", 8 0, v0x1ddded0_0;
v0x1ddb790_0 .alias "sel_pos", 8 0, v0x1ddde50_0;
v0x1ddb810_0 .alias "valid", 0 0, v0x1ddc480_0;
L_0x1dde0e0 .part v0x1ddc070_0, 0, 1;
L_0x1dde420 .part v0x1dd05b0_0, 0, 1;
L_0x1dde600 .part v0x1ddc070_0, 1, 1;
L_0x1dde750 .part v0x1dd05b0_0, 1, 1;
L_0x1ddea50 .part v0x1ddc070_0, 2, 1;
L_0x1ddeba0 .part v0x1dd05b0_0, 2, 1;
L_0x1ddeed0 .part v0x1ddc070_0, 3, 1;
L_0x1ddf020 .part v0x1dd05b0_0, 3, 1;
L_0x1ddf320 .part v0x1ddc070_0, 4, 1;
L_0x1ddf520 .part v0x1dd05b0_0, 4, 1;
L_0x1ddf8a0 .part v0x1ddc070_0, 5, 1;
L_0x1ddf9f0 .part v0x1dd05b0_0, 5, 1;
L_0x1ddfcc0 .part v0x1ddc070_0, 6, 1;
L_0x1ddfeb0 .part v0x1dd05b0_0, 6, 1;
L_0x1ddfe10 .part v0x1ddc070_0, 7, 1;
L_0x1de0250 .part v0x1dd05b0_0, 7, 1;
L_0x1de0590 .part v0x1ddc070_0, 8, 1;
L_0x1de0480 .part v0x1dd05b0_0, 8, 1;
S_0x1dd09e0 .scope module, "checkvictory" "checkvictory" 3 107, 3 60, S_0x1dd0650;
 .timescale -9 -12;
L_0x1de0cb0 .functor AND 1, L_0x1de0b70, L_0x1de0c10, C4<1>, C4<1>;
L_0x1de0e50 .functor AND 1, L_0x1de0cb0, L_0x1de0db0, C4<1>, C4<1>;
L_0x1de1080 .functor AND 1, L_0x1de0e50, L_0x1de0f50, C4<1>, C4<1>;
L_0x1de11d0 .functor AND 1, L_0x1de1080, L_0x1de1130, C4<1>, C4<1>;
L_0x1de1370 .functor AND 1, L_0x1de11d0, L_0x1de12d0, C4<1>, C4<1>;
L_0x1de1720 .functor AND 1, L_0x1de1470, L_0x1ddf410, C4<1>, C4<1>;
L_0x1de1920 .functor AND 1, L_0x1de1720, L_0x1de1820, C4<1>, C4<1>;
L_0x1de1a70 .functor AND 1, L_0x1de1920, L_0x1de19d0, C4<1>, C4<1>;
L_0x1de18c0 .functor AND 1, L_0x1de1a70, L_0x1de1bc0, C4<1>, C4<1>;
L_0x1de0ff0 .functor AND 1, L_0x1de18c0, L_0x1de1d00, C4<1>, C4<1>;
L_0x1de1fb0 .functor OR 1, L_0x1de1370, L_0x1de0ff0, C4<0>, C4<0>;
L_0x1de21a0 .functor AND 1, L_0x1de2060, L_0x1de2100, C4<1>, C4<1>;
L_0x1de1f50 .functor AND 1, L_0x1de21a0, L_0x1de22a0, C4<1>, C4<1>;
L_0x1de2510 .functor AND 1, L_0x1de1f50, L_0x1de2470, C4<1>, C4<1>;
L_0x1de2340 .functor AND 1, L_0x1de2510, L_0x1de2610, C4<1>, C4<1>;
L_0x1de2890 .functor AND 1, L_0x1de2340, L_0x1de27f0, C4<1>, C4<1>;
L_0x1de2a20 .functor OR 1, L_0x1de1fb0, L_0x1de2890, C4<0>, C4<0>;
L_0x1de2c70 .functor AND 1, L_0x1de2b20, L_0x1de26b0, C4<1>, C4<1>;
L_0x1de2990 .functor AND 1, L_0x1de2c70, L_0x1de2e10, C4<1>, C4<1>;
L_0x1de3010 .functor AND 1, L_0x1de2990, L_0x1de2f70, C4<1>, C4<1>;
L_0x1de2eb0 .functor AND 1, L_0x1de3010, L_0x1de2d70, C4<1>, C4<1>;
L_0x1de3380 .functor AND 1, L_0x1de2eb0, L_0x1de32e0, C4<1>, C4<1>;
L_0x1de3110 .functor OR 1, L_0x1de2a20, L_0x1de3380, C4<0>, C4<0>;
L_0x1de3710 .functor AND 1, L_0x1de3590, L_0x1de31c0, C4<1>, C4<1>;
L_0x1de3630 .functor AND 1, L_0x1de3710, L_0x1de3480, C4<1>, C4<1>;
L_0x1de1da0 .functor AND 1, L_0x1de3630, L_0x1de3a20, C4<1>, C4<1>;
L_0x1de38b0 .functor AND 1, L_0x1de1da0, L_0x1de3810, C4<1>, C4<1>;
L_0x1de3f50 .functor AND 1, L_0x1de38b0, L_0x1de3eb0, C4<1>, C4<1>;
L_0x1de3cd0 .functor OR 1, L_0x1de3110, L_0x1de3f50, C4<0>, C4<0>;
L_0x1de3e20 .functor AND 1, L_0x1de4190, L_0x1de3d80, C4<1>, C4<1>;
L_0x1de4230 .functor AND 1, L_0x1de3e20, L_0x1de4050, C4<1>, C4<1>;
L_0x1de42e0 .functor AND 1, L_0x1de4230, L_0x1de4600, C4<1>, C4<1>;
L_0x1de4480 .functor AND 1, L_0x1de42e0, L_0x1de43e0, C4<1>, C4<1>;
L_0x1de4580 .functor AND 1, L_0x1de4480, L_0x1de4980, C4<1>, C4<1>;
L_0x1de4740 .functor OR 1, L_0x1de3cd0, L_0x1de4580, C4<0>, C4<0>;
L_0x1de48f0 .functor AND 1, L_0x1de4be0, L_0x1de4850, C4<1>, C4<1>;
L_0x1dd9420 .functor AND 1, L_0x1de48f0, L_0x1de4ac0, C4<1>, C4<1>;
L_0x1dda3b0 .functor AND 1, L_0x1dd9420, L_0x1de1660, C4<1>, C4<1>;
L_0x1ddf820 .functor AND 1, L_0x1dda3b0, L_0x1de4e60, C4<1>, C4<1>;
L_0x1de1600 .functor AND 1, L_0x1ddf820, L_0x1de1560, C4<1>, C4<1>;
L_0x1de4c80 .functor OR 1, L_0x1de4740, L_0x1de1600, C4<0>, C4<0>;
L_0x1de5440 .functor AND 1, L_0x1de56f0, L_0x1de53a0, C4<1>, C4<1>;
L_0x1de5640 .functor AND 1, L_0x1de5440, L_0x1de55a0, C4<1>, C4<1>;
L_0x1de5880 .functor AND 1, L_0x1de5640, L_0x1de57e0, C4<1>, C4<1>;
L_0x1de59f0 .functor AND 1, L_0x1de5880, L_0x1de5950, C4<1>, C4<1>;
L_0x1de5b90 .functor AND 1, L_0x1de59f0, L_0x1de5af0, C4<1>, C4<1>;
L_0x1de5cd0 .functor OR 1, L_0x1de4c80, L_0x1de5b90, C4<0>, C4<0>;
L_0x1de5f60 .functor NOT 1, L_0x1de5ec0, C4<0>, C4<0>, C4<0>;
L_0x1de6070 .functor AND 1, L_0x1de5e20, L_0x1de5f60, C4<1>, C4<1>;
L_0x1de6170 .functor AND 1, L_0x1de6070, L_0x1de6620, C4<1>, C4<1>;
L_0x1de6530 .functor NOT 1, L_0x1de6490, C4<0>, C4<0>, C4<0>;
L_0x1de6290 .functor AND 1, L_0x1de6170, L_0x1de6530, C4<1>, C4<1>;
L_0x1de6760 .functor AND 1, L_0x1de6290, L_0x1de6390, C4<1>, C4<1>;
L_0x1de6900 .functor NOT 1, L_0x1de6860, C4<0>, C4<0>, C4<0>;
L_0x1de69b0 .functor AND 1, L_0x1de6760, L_0x1de6900, C4<1>, C4<1>;
L_0x1de6bf0 .functor NOT 1, L_0x1de6b50, C4<0>, C4<0>, C4<0>;
L_0x1de6ca0 .functor AND 1, L_0x1de6ab0, L_0x1de6bf0, C4<1>, C4<1>;
L_0x1de6e40 .functor AND 1, L_0x1de6ca0, L_0x1de6da0, C4<1>, C4<1>;
L_0x1de6fe0 .functor NOT 1, L_0x1de6f40, C4<0>, C4<0>, C4<0>;
L_0x1de7090 .functor AND 1, L_0x1de6e40, L_0x1de6fe0, C4<1>, C4<1>;
L_0x1de7230 .functor AND 1, L_0x1de7090, L_0x1de7190, C4<1>, C4<1>;
L_0x1de7330 .functor NOT 1, L_0x1de77a0, C4<0>, C4<0>, C4<0>;
L_0x1de7590 .functor AND 1, L_0x1de7230, L_0x1de7330, C4<1>, C4<1>;
L_0x1de7690 .functor OR 1, L_0x1de69b0, L_0x1de7590, C4<0>, C4<0>;
L_0x1de74d0 .functor NOT 1, L_0x1de7430, C4<0>, C4<0>, C4<0>;
L_0x1de7e60 .functor AND 1, L_0x1de7390, L_0x1de74d0, C4<1>, C4<1>;
L_0x1de7cf0 .functor AND 1, L_0x1de7e60, L_0x1de7c50, C4<1>, C4<1>;
L_0x1de7df0 .functor NOT 1, L_0x1de8180, C4<0>, C4<0>, C4<0>;
L_0x1de3b10 .functor AND 1, L_0x1de7cf0, L_0x1de7df0, C4<1>, C4<1>;
L_0x1de7f60 .functor AND 1, L_0x1de3b10, L_0x1de3c10, C4<1>, C4<1>;
L_0x1de8100 .functor NOT 1, L_0x1de8060, C4<0>, C4<0>, C4<0>;
L_0x1de8270 .functor AND 1, L_0x1de7f60, L_0x1de8100, C4<1>, C4<1>;
L_0x1de8370 .functor OR 1, L_0x1de7690, L_0x1de8270, C4<0>, C4<0>;
L_0x1de85b0 .functor NOT 1, L_0x1de8510, C4<0>, C4<0>, C4<0>;
L_0x1de8660 .functor AND 1, L_0x1de8470, L_0x1de85b0, C4<1>, C4<1>;
L_0x1de8800 .functor AND 1, L_0x1de8660, L_0x1de8760, C4<1>, C4<1>;
L_0x1de89a0 .functor NOT 1, L_0x1de8900, C4<0>, C4<0>, C4<0>;
L_0x1de8a50 .functor AND 1, L_0x1de8800, L_0x1de89a0, C4<1>, C4<1>;
L_0x1de8bf0 .functor AND 1, L_0x1de8a50, L_0x1de8b50, C4<1>, C4<1>;
L_0x1de8d90 .functor NOT 1, L_0x1de8cf0, C4<0>, C4<0>, C4<0>;
L_0x1de90d0 .functor AND 1, L_0x1de8bf0, L_0x1de8d90, C4<1>, C4<1>;
L_0x1de91d0 .functor OR 1, L_0x1de8370, L_0x1de90d0, C4<0>, C4<0>;
L_0x1de9410 .functor NOT 1, L_0x1de9370, C4<0>, C4<0>, C4<0>;
L_0x1de94c0 .functor AND 1, L_0x1de92d0, L_0x1de9410, C4<1>, C4<1>;
L_0x1de9660 .functor AND 1, L_0x1de94c0, L_0x1de95c0, C4<1>, C4<1>;
L_0x1de9ad0 .functor NOT 1, L_0x1de9a30, C4<0>, C4<0>, C4<0>;
L_0x1de96c0 .functor AND 1, L_0x1de9660, L_0x1de9ad0, C4<1>, C4<1>;
L_0x1de9860 .functor AND 1, L_0x1de96c0, L_0x1de97c0, C4<1>, C4<1>;
L_0x1de9ef0 .functor NOT 1, L_0x1de9e50, C4<0>, C4<0>, C4<0>;
L_0x1de9fa0 .functor AND 1, L_0x1de9860, L_0x1de9ef0, C4<1>, C4<1>;
L_0x1de9b80 .functor OR 1, L_0x1de91d0, L_0x1de9fa0, C4<0>, C4<0>;
L_0x1de9dc0 .functor NOT 1, L_0x1de9d20, C4<0>, C4<0>, C4<0>;
L_0x1de8e90 .functor AND 1, L_0x1de9c80, L_0x1de9dc0, C4<1>, C4<1>;
L_0x1de9030 .functor AND 1, L_0x1de8e90, L_0x1de8f90, C4<1>, C4<1>;
L_0x1dea1e0 .functor NOT 1, L_0x1dea140, C4<0>, C4<0>, C4<0>;
L_0x1dea290 .functor AND 1, L_0x1de9030, L_0x1dea1e0, C4<1>, C4<1>;
L_0x1dea430 .functor AND 1, L_0x1dea290, L_0x1dea390, C4<1>, C4<1>;
L_0x1dea890 .functor NOT 1, L_0x1dea530, C4<0>, C4<0>, C4<0>;
L_0x1dea940 .functor AND 1, L_0x1dea430, L_0x1dea890, C4<1>, C4<1>;
L_0x1deaa40 .functor OR 1, L_0x1de9b80, L_0x1dea940, C4<0>, C4<0>;
L_0x1deab40 .functor NOT 1, L_0x1deafa0, C4<0>, C4<0>, C4<0>;
L_0x1dea620 .functor AND 1, L_0x1deaf00, L_0x1deab40, C4<1>, C4<1>;
L_0x1dea7c0 .functor AND 1, L_0x1dea620, L_0x1dea720, C4<1>, C4<1>;
L_0x1deac90 .functor NOT 1, L_0x1deabf0, C4<0>, C4<0>, C4<0>;
L_0x1dead40 .functor AND 1, L_0x1dea7c0, L_0x1deac90, C4<1>, C4<1>;
L_0x1deb040 .functor AND 1, L_0x1dead40, L_0x1deae40, C4<1>, C4<1>;
L_0x1deb4d0 .functor NOT 1, L_0x1deb140, C4<0>, C4<0>, C4<0>;
L_0x1deb580 .functor AND 1, L_0x1deb040, L_0x1deb4d0, C4<1>, C4<1>;
L_0x1deb680 .functor OR 1, L_0x1deaa40, L_0x1deb580, C4<0>, C4<0>;
L_0x1deb8c0 .functor NOT 1, L_0x1deb820, C4<0>, C4<0>, C4<0>;
L_0x1deb230 .functor AND 1, L_0x1deb780, L_0x1deb8c0, C4<1>, C4<1>;
L_0x1deb3d0 .functor AND 1, L_0x1deb230, L_0x1deb330, C4<1>, C4<1>;
L_0x1deb9d0 .functor NOT 1, L_0x1deb930, C4<0>, C4<0>, C4<0>;
L_0x1deba80 .functor AND 1, L_0x1deb3d0, L_0x1deb9d0, C4<1>, C4<1>;
L_0x1debfc0 .functor AND 1, L_0x1deba80, L_0x1debf20, C4<1>, C4<1>;
L_0x1dec160 .functor NOT 1, L_0x1dec0c0, C4<0>, C4<0>, C4<0>;
L_0x1dec210 .functor AND 1, L_0x1debfc0, L_0x1dec160, C4<1>, C4<1>;
L_0x1debb80 .functor OR 1, L_0x1deb680, L_0x1dec210, C4<0>, C4<0>;
v0x1dd0ad0_0 .net *"_s10", 0 0, L_0x1de0e50; 1 drivers
v0x1dd0b90_0 .net *"_s100", 0 0, L_0x1de3710; 1 drivers
v0x1dd0c30_0 .net *"_s103", 0 0, L_0x1de3480; 1 drivers
v0x1dd0cd0_0 .net *"_s104", 0 0, L_0x1de3630; 1 drivers
v0x1dd0d50_0 .net *"_s107", 0 0, L_0x1de3a20; 1 drivers
v0x1dd0df0_0 .net *"_s108", 0 0, L_0x1de1da0; 1 drivers
v0x1dd0ed0_0 .net *"_s111", 0 0, L_0x1de3810; 1 drivers
v0x1dd0f70_0 .net *"_s112", 0 0, L_0x1de38b0; 1 drivers
v0x1dd1060_0 .net *"_s115", 0 0, L_0x1de3eb0; 1 drivers
v0x1dd1100_0 .net *"_s116", 0 0, L_0x1de3f50; 1 drivers
v0x1dd1200_0 .net *"_s118", 0 0, L_0x1de3cd0; 1 drivers
v0x1dd12a0_0 .net *"_s121", 0 0, L_0x1de4190; 1 drivers
v0x1dd13b0_0 .net *"_s123", 0 0, L_0x1de3d80; 1 drivers
v0x1dd1450_0 .net *"_s124", 0 0, L_0x1de3e20; 1 drivers
v0x1dd1570_0 .net *"_s127", 0 0, L_0x1de4050; 1 drivers
v0x1dd1610_0 .net *"_s128", 0 0, L_0x1de4230; 1 drivers
v0x1dd14d0_0 .net *"_s13", 0 0, L_0x1de0f50; 1 drivers
v0x1dd1760_0 .net *"_s131", 0 0, L_0x1de4600; 1 drivers
v0x1dd1880_0 .net *"_s132", 0 0, L_0x1de42e0; 1 drivers
v0x1dd1900_0 .net *"_s135", 0 0, L_0x1de43e0; 1 drivers
v0x1dd17e0_0 .net *"_s136", 0 0, L_0x1de4480; 1 drivers
v0x1dd1a30_0 .net *"_s139", 0 0, L_0x1de4980; 1 drivers
v0x1dd1980_0 .net *"_s14", 0 0, L_0x1de1080; 1 drivers
v0x1dd1b70_0 .net *"_s140", 0 0, L_0x1de4580; 1 drivers
v0x1dd1ad0_0 .net *"_s142", 0 0, L_0x1de4740; 1 drivers
v0x1dd1cc0_0 .net *"_s145", 0 0, L_0x1de4be0; 1 drivers
v0x1dd1c10_0 .net *"_s147", 0 0, L_0x1de4850; 1 drivers
v0x1dd1e20_0 .net *"_s148", 0 0, L_0x1de48f0; 1 drivers
v0x1dd1d60_0 .net *"_s151", 0 0, L_0x1de4ac0; 1 drivers
v0x1dd1f90_0 .net *"_s152", 0 0, L_0x1dd9420; 1 drivers
v0x1dd1ea0_0 .net *"_s155", 0 0, L_0x1de1660; 1 drivers
v0x1dd2110_0 .net *"_s156", 0 0, L_0x1dda3b0; 1 drivers
v0x1dd2010_0 .net *"_s159", 0 0, L_0x1de4e60; 1 drivers
v0x1dd22a0_0 .net *"_s160", 0 0, L_0x1ddf820; 1 drivers
v0x1dd2190_0 .net *"_s163", 0 0, L_0x1de1560; 1 drivers
v0x1dd2440_0 .net *"_s164", 0 0, L_0x1de1600; 1 drivers
v0x1dd2320_0 .net *"_s166", 0 0, L_0x1de4c80; 1 drivers
v0x1dd23c0_0 .net *"_s169", 0 0, L_0x1de56f0; 1 drivers
v0x1dd2600_0 .net *"_s17", 0 0, L_0x1de1130; 1 drivers
v0x1dd2680_0 .net *"_s171", 0 0, L_0x1de53a0; 1 drivers
v0x1dd24c0_0 .net *"_s172", 0 0, L_0x1de5440; 1 drivers
v0x1dd2560_0 .net *"_s175", 0 0, L_0x1de55a0; 1 drivers
v0x1dd2860_0 .net *"_s176", 0 0, L_0x1de5640; 1 drivers
v0x1dd28e0_0 .net *"_s179", 0 0, L_0x1de57e0; 1 drivers
v0x1dd2700_0 .net *"_s18", 0 0, L_0x1de11d0; 1 drivers
v0x1dd27a0_0 .net *"_s180", 0 0, L_0x1de5880; 1 drivers
v0x1dd2ae0_0 .net *"_s183", 0 0, L_0x1de5950; 1 drivers
v0x1dd2b60_0 .net *"_s184", 0 0, L_0x1de59f0; 1 drivers
v0x1dd2980_0 .net *"_s187", 0 0, L_0x1de5af0; 1 drivers
v0x1dd2a20_0 .net *"_s188", 0 0, L_0x1de5b90; 1 drivers
v0x1dd2d80_0 .net *"_s190", 0 0, L_0x1de5cd0; 1 drivers
v0x1dd2e00_0 .net *"_s195", 0 0, L_0x1de5e20; 1 drivers
v0x1dd2c00_0 .net *"_s197", 0 0, L_0x1de5ec0; 1 drivers
v0x1dd2ca0_0 .net *"_s198", 0 0, L_0x1de5f60; 1 drivers
v0x1dd3040_0 .net *"_s200", 0 0, L_0x1de6070; 1 drivers
v0x1dd30c0_0 .net *"_s203", 0 0, L_0x1de6620; 1 drivers
v0x1dd2e80_0 .net *"_s204", 0 0, L_0x1de6170; 1 drivers
v0x1dd2f20_0 .net *"_s207", 0 0, L_0x1de6490; 1 drivers
v0x1dd2fc0_0 .net *"_s208", 0 0, L_0x1de6530; 1 drivers
v0x1dd3340_0 .net *"_s21", 0 0, L_0x1de12d0; 1 drivers
v0x1dd3160_0 .net *"_s210", 0 0, L_0x1de6290; 1 drivers
v0x1dd3200_0 .net *"_s213", 0 0, L_0x1de6390; 1 drivers
v0x1dd32a0_0 .net *"_s214", 0 0, L_0x1de6760; 1 drivers
v0x1dd35e0_0 .net *"_s217", 0 0, L_0x1de6860; 1 drivers
v0x1dd33e0_0 .net *"_s218", 0 0, L_0x1de6900; 1 drivers
v0x1dd3480_0 .net *"_s22", 0 0, L_0x1de1370; 1 drivers
v0x1dd3520_0 .net *"_s220", 0 0, L_0x1de69b0; 1 drivers
v0x1dd3880_0 .net *"_s223", 0 0, L_0x1de6ab0; 1 drivers
v0x1dd3680_0 .net *"_s225", 0 0, L_0x1de6b50; 1 drivers
v0x1dd3720_0 .net *"_s226", 0 0, L_0x1de6bf0; 1 drivers
v0x1dd37c0_0 .net *"_s228", 0 0, L_0x1de6ca0; 1 drivers
v0x1dd3b40_0 .net *"_s231", 0 0, L_0x1de6da0; 1 drivers
v0x1dd3900_0 .net *"_s232", 0 0, L_0x1de6e40; 1 drivers
v0x1dd39a0_0 .net *"_s235", 0 0, L_0x1de6f40; 1 drivers
v0x1dd3a40_0 .net *"_s236", 0 0, L_0x1de6fe0; 1 drivers
v0x1dd3e20_0 .net *"_s238", 0 0, L_0x1de7090; 1 drivers
v0x1dd3bc0_0 .net *"_s241", 0 0, L_0x1de7190; 1 drivers
v0x1dd3c60_0 .net *"_s242", 0 0, L_0x1de7230; 1 drivers
v0x1dd3d00_0 .net *"_s245", 0 0, L_0x1de77a0; 1 drivers
v0x1dd3da0_0 .net *"_s246", 0 0, L_0x1de7330; 1 drivers
v0x1dd4130_0 .net *"_s248", 0 0, L_0x1de7590; 1 drivers
v0x1dd41b0_0 .net *"_s25", 0 0, L_0x1de1470; 1 drivers
v0x1dd3ec0_0 .net *"_s250", 0 0, L_0x1de7690; 1 drivers
v0x1dd3f60_0 .net *"_s253", 0 0, L_0x1de7390; 1 drivers
v0x1dd4000_0 .net *"_s255", 0 0, L_0x1de7430; 1 drivers
v0x1dd40a0_0 .net *"_s256", 0 0, L_0x1de74d0; 1 drivers
v0x1dd4510_0 .net *"_s258", 0 0, L_0x1de7e60; 1 drivers
v0x1dd45b0_0 .net *"_s261", 0 0, L_0x1de7c50; 1 drivers
v0x1dd4250_0 .net *"_s262", 0 0, L_0x1de7cf0; 1 drivers
v0x1dd42f0_0 .net *"_s265", 0 0, L_0x1de8180; 1 drivers
v0x1dd4390_0 .net *"_s266", 0 0, L_0x1de7df0; 1 drivers
v0x1dd4430_0 .net *"_s268", 0 0, L_0x1de3b10; 1 drivers
v0x1dd4920_0 .net *"_s27", 0 0, L_0x1ddf410; 1 drivers
v0x1dd49a0_0 .net *"_s271", 0 0, L_0x1de3c10; 1 drivers
v0x1dd4650_0 .net *"_s272", 0 0, L_0x1de7f60; 1 drivers
v0x1dd46f0_0 .net *"_s275", 0 0, L_0x1de8060; 1 drivers
v0x1dd4790_0 .net *"_s276", 0 0, L_0x1de8100; 1 drivers
v0x1dd4830_0 .net *"_s278", 0 0, L_0x1de8270; 1 drivers
v0x1dd4d40_0 .net *"_s28", 0 0, L_0x1de1720; 1 drivers
v0x1dd4dc0_0 .net *"_s280", 0 0, L_0x1de8370; 1 drivers
v0x1dd4a20_0 .net *"_s283", 0 0, L_0x1de8470; 1 drivers
v0x1dd4ac0_0 .net *"_s285", 0 0, L_0x1de8510; 1 drivers
v0x1dd4b60_0 .net *"_s286", 0 0, L_0x1de85b0; 1 drivers
v0x1dd4c00_0 .net *"_s288", 0 0, L_0x1de8660; 1 drivers
v0x1dd4ca0_0 .net *"_s291", 0 0, L_0x1de8760; 1 drivers
v0x1dd5190_0 .net *"_s292", 0 0, L_0x1de8800; 1 drivers
v0x1dd4e60_0 .net *"_s295", 0 0, L_0x1de8900; 1 drivers
v0x1dd4f00_0 .net *"_s296", 0 0, L_0x1de89a0; 1 drivers
v0x1dd4fa0_0 .net *"_s298", 0 0, L_0x1de8a50; 1 drivers
v0x1dd5040_0 .net *"_s3", 0 0, L_0x1de0b70; 1 drivers
v0x1dd50e0_0 .net *"_s301", 0 0, L_0x1de8b50; 1 drivers
v0x1dd5590_0 .net *"_s302", 0 0, L_0x1de8bf0; 1 drivers
v0x1dd5230_0 .net *"_s305", 0 0, L_0x1de8cf0; 1 drivers
v0x1dd52d0_0 .net *"_s306", 0 0, L_0x1de8d90; 1 drivers
v0x1dd5370_0 .net *"_s308", 0 0, L_0x1de90d0; 1 drivers
v0x1dd5410_0 .net *"_s31", 0 0, L_0x1de1820; 1 drivers
v0x1dd54b0_0 .net *"_s310", 0 0, L_0x1de91d0; 1 drivers
v0x1dd59c0_0 .net *"_s313", 0 0, L_0x1de92d0; 1 drivers
v0x1dd5610_0 .net *"_s315", 0 0, L_0x1de9370; 1 drivers
v0x1dd5690_0 .net *"_s316", 0 0, L_0x1de9410; 1 drivers
v0x1dd5730_0 .net *"_s318", 0 0, L_0x1de94c0; 1 drivers
v0x1dd57d0_0 .net *"_s32", 0 0, L_0x1de1920; 1 drivers
v0x1dd5870_0 .net *"_s321", 0 0, L_0x1de95c0; 1 drivers
v0x1dd5910_0 .net *"_s322", 0 0, L_0x1de9660; 1 drivers
v0x1dd5e30_0 .net *"_s325", 0 0, L_0x1de9a30; 1 drivers
v0x1dd5ed0_0 .net *"_s326", 0 0, L_0x1de9ad0; 1 drivers
v0x1dd5a40_0 .net *"_s328", 0 0, L_0x1de96c0; 1 drivers
v0x1dd5ae0_0 .net *"_s331", 0 0, L_0x1de97c0; 1 drivers
v0x1dd5b80_0 .net *"_s332", 0 0, L_0x1de9860; 1 drivers
v0x1dd5c20_0 .net *"_s335", 0 0, L_0x1de9e50; 1 drivers
v0x1dd5cc0_0 .net *"_s336", 0 0, L_0x1de9ef0; 1 drivers
v0x1dd5d60_0 .net *"_s338", 0 0, L_0x1de9fa0; 1 drivers
v0x1dd6380_0 .net *"_s340", 0 0, L_0x1de9b80; 1 drivers
v0x1dd6400_0 .net *"_s343", 0 0, L_0x1de9c80; 1 drivers
v0x1dd5f50_0 .net *"_s345", 0 0, L_0x1de9d20; 1 drivers
v0x1dd5fd0_0 .net *"_s346", 0 0, L_0x1de9dc0; 1 drivers
v0x1dd6070_0 .net *"_s348", 0 0, L_0x1de8e90; 1 drivers
v0x1dd6110_0 .net *"_s35", 0 0, L_0x1de19d0; 1 drivers
v0x1dd61b0_0 .net *"_s351", 0 0, L_0x1de8f90; 1 drivers
v0x1dd6250_0 .net *"_s352", 0 0, L_0x1de9030; 1 drivers
v0x1dd62f0_0 .net *"_s355", 0 0, L_0x1dea140; 1 drivers
v0x1dd68f0_0 .net *"_s356", 0 0, L_0x1dea1e0; 1 drivers
v0x1dd6480_0 .net *"_s358", 0 0, L_0x1dea290; 1 drivers
v0x1dd6520_0 .net *"_s36", 0 0, L_0x1de1a70; 1 drivers
v0x1dd65c0_0 .net *"_s361", 0 0, L_0x1dea390; 1 drivers
v0x1dd6660_0 .net *"_s362", 0 0, L_0x1dea430; 1 drivers
v0x1dd6700_0 .net *"_s365", 0 0, L_0x1dea530; 1 drivers
v0x1dd67a0_0 .net *"_s366", 0 0, L_0x1dea890; 1 drivers
v0x1dd6840_0 .net *"_s368", 0 0, L_0x1dea940; 1 drivers
v0x1dd6e20_0 .net *"_s370", 0 0, L_0x1deaa40; 1 drivers
v0x1dd6970_0 .net *"_s373", 0 0, L_0x1deaf00; 1 drivers
v0x1dd6a10_0 .net *"_s375", 0 0, L_0x1deafa0; 1 drivers
v0x1dd6ab0_0 .net *"_s376", 0 0, L_0x1deab40; 1 drivers
v0x1dd6b50_0 .net *"_s378", 0 0, L_0x1dea620; 1 drivers
v0x1dd6bf0_0 .net *"_s381", 0 0, L_0x1dea720; 1 drivers
v0x1dd6c90_0 .net *"_s382", 0 0, L_0x1dea7c0; 1 drivers
v0x1dd6d30_0 .net *"_s385", 0 0, L_0x1deabf0; 1 drivers
v0x1dd7390_0 .net *"_s386", 0 0, L_0x1deac90; 1 drivers
v0x1dd6ea0_0 .net *"_s388", 0 0, L_0x1dead40; 1 drivers
v0x1dd6f20_0 .net *"_s39", 0 0, L_0x1de1bc0; 1 drivers
v0x1dd6fc0_0 .net *"_s391", 0 0, L_0x1deae40; 1 drivers
v0x1dd7060_0 .net *"_s392", 0 0, L_0x1deb040; 1 drivers
v0x1dd7100_0 .net *"_s395", 0 0, L_0x1deb140; 1 drivers
v0x1dd71a0_0 .net *"_s396", 0 0, L_0x1deb4d0; 1 drivers
v0x1dd7240_0 .net *"_s398", 0 0, L_0x1deb580; 1 drivers
v0x1dd72e0_0 .net *"_s40", 0 0, L_0x1de18c0; 1 drivers
v0x1dd7950_0 .net *"_s400", 0 0, L_0x1deb680; 1 drivers
v0x1dd79d0_0 .net *"_s403", 0 0, L_0x1deb780; 1 drivers
v0x1dd7410_0 .net *"_s405", 0 0, L_0x1deb820; 1 drivers
v0x1dd74b0_0 .net *"_s406", 0 0, L_0x1deb8c0; 1 drivers
v0x1dd7550_0 .net *"_s408", 0 0, L_0x1deb230; 1 drivers
v0x1dd75f0_0 .net *"_s411", 0 0, L_0x1deb330; 1 drivers
v0x1dd7690_0 .net *"_s412", 0 0, L_0x1deb3d0; 1 drivers
v0x1dd7730_0 .net *"_s415", 0 0, L_0x1deb930; 1 drivers
v0x1dd77d0_0 .net *"_s416", 0 0, L_0x1deb9d0; 1 drivers
v0x1dd7870_0 .net *"_s418", 0 0, L_0x1deba80; 1 drivers
v0x1dd7fe0_0 .net *"_s421", 0 0, L_0x1debf20; 1 drivers
v0x1dd8060_0 .net *"_s422", 0 0, L_0x1debfc0; 1 drivers
v0x1dd7a50_0 .net *"_s425", 0 0, L_0x1dec0c0; 1 drivers
v0x1dd7af0_0 .net *"_s426", 0 0, L_0x1dec160; 1 drivers
v0x1dd7b90_0 .net *"_s428", 0 0, L_0x1dec210; 1 drivers
v0x1dd7c30_0 .net *"_s43", 0 0, L_0x1de1d00; 1 drivers
v0x1dd7cd0_0 .net *"_s430", 0 0, L_0x1debb80; 1 drivers
v0x1dd7d70_0 .net *"_s44", 0 0, L_0x1de0ff0; 1 drivers
v0x1dd7e10_0 .net *"_s46", 0 0, L_0x1de1fb0; 1 drivers
v0x1dd7eb0_0 .net *"_s49", 0 0, L_0x1de2060; 1 drivers
v0x1dd7f50_0 .net *"_s5", 0 0, L_0x1de0c10; 1 drivers
v0x1dd86c0_0 .net *"_s51", 0 0, L_0x1de2100; 1 drivers
v0x1dd80e0_0 .net *"_s52", 0 0, L_0x1de21a0; 1 drivers
v0x1dd8180_0 .net *"_s55", 0 0, L_0x1de22a0; 1 drivers
v0x1dd8220_0 .net *"_s56", 0 0, L_0x1de1f50; 1 drivers
v0x1dd82c0_0 .net *"_s59", 0 0, L_0x1de2470; 1 drivers
v0x1dd8360_0 .net *"_s6", 0 0, L_0x1de0cb0; 1 drivers
v0x1dd8400_0 .net *"_s60", 0 0, L_0x1de2510; 1 drivers
v0x1dd84a0_0 .net *"_s63", 0 0, L_0x1de2610; 1 drivers
v0x1dd8540_0 .net *"_s64", 0 0, L_0x1de2340; 1 drivers
v0x1dd85e0_0 .net *"_s67", 0 0, L_0x1de27f0; 1 drivers
v0x1dd8d70_0 .net *"_s68", 0 0, L_0x1de2890; 1 drivers
v0x1dd8740_0 .net *"_s70", 0 0, L_0x1de2a20; 1 drivers
v0x1dd87e0_0 .net *"_s73", 0 0, L_0x1de2b20; 1 drivers
v0x1dd8880_0 .net *"_s75", 0 0, L_0x1de26b0; 1 drivers
v0x1dd8920_0 .net *"_s76", 0 0, L_0x1de2c70; 1 drivers
v0x1dd89c0_0 .net *"_s79", 0 0, L_0x1de2e10; 1 drivers
v0x1dd8a60_0 .net *"_s80", 0 0, L_0x1de2990; 1 drivers
v0x1dd8b00_0 .net *"_s83", 0 0, L_0x1de2f70; 1 drivers
v0x1dd8ba0_0 .net *"_s84", 0 0, L_0x1de3010; 1 drivers
v0x1dd8c40_0 .net *"_s87", 0 0, L_0x1de2d70; 1 drivers
v0x1dd8ce0_0 .net *"_s88", 0 0, L_0x1de2eb0; 1 drivers
v0x1dd9480_0 .net *"_s9", 0 0, L_0x1de0db0; 1 drivers
v0x1dd9500_0 .net *"_s91", 0 0, L_0x1de32e0; 1 drivers
v0x1dd8e10_0 .net *"_s92", 0 0, L_0x1de3380; 1 drivers
v0x1dd8eb0_0 .net *"_s94", 0 0, L_0x1de3110; 1 drivers
v0x1dd8f50_0 .net *"_s97", 0 0, L_0x1de3590; 1 drivers
v0x1dd8ff0_0 .net *"_s99", 0 0, L_0x1de31c0; 1 drivers
v0x1dd9090_0 .alias "occ_player", 8 0, v0x1dddd00_0;
v0x1dd9130_0 .alias "occ_square", 8 0, v0x1ddded0_0;
v0x1dd91d0_0 .alias "victory", 1 0, v0x1ddc340_0;
L_0x1de06e0 .part/pv L_0x1de5cd0, 0, 1, 2;
L_0x1de0b70 .part v0x1ddc070_0, 0, 1;
L_0x1de0c10 .part v0x1ddbf70_0, 0, 1;
L_0x1de0db0 .part v0x1ddc070_0, 1, 1;
L_0x1de0f50 .part v0x1ddbf70_0, 1, 1;
L_0x1de1130 .part v0x1ddc070_0, 2, 1;
L_0x1de12d0 .part v0x1ddbf70_0, 2, 1;
L_0x1de1470 .part v0x1ddc070_0, 0, 1;
L_0x1ddf410 .part v0x1ddbf70_0, 0, 1;
L_0x1de1820 .part v0x1ddc070_0, 4, 1;
L_0x1de19d0 .part v0x1ddbf70_0, 4, 1;
L_0x1de1bc0 .part v0x1ddc070_0, 8, 1;
L_0x1de1d00 .part v0x1ddbf70_0, 8, 1;
L_0x1de2060 .part v0x1ddc070_0, 2, 1;
L_0x1de2100 .part v0x1ddbf70_0, 2, 1;
L_0x1de22a0 .part v0x1ddc070_0, 5, 1;
L_0x1de2470 .part v0x1ddbf70_0, 5, 1;
L_0x1de2610 .part v0x1ddc070_0, 8, 1;
L_0x1de27f0 .part v0x1ddbf70_0, 8, 1;
L_0x1de2b20 .part v0x1ddc070_0, 7, 1;
L_0x1de26b0 .part v0x1ddbf70_0, 7, 1;
L_0x1de2e10 .part v0x1ddc070_0, 4, 1;
L_0x1de2f70 .part v0x1ddbf70_0, 4, 1;
L_0x1de2d70 .part v0x1ddc070_0, 1, 1;
L_0x1de32e0 .part v0x1ddbf70_0, 1, 1;
L_0x1de3590 .part v0x1ddc070_0, 0, 1;
L_0x1de31c0 .part v0x1ddbf70_0, 0, 1;
L_0x1de3480 .part v0x1ddc070_0, 3, 1;
L_0x1de3a20 .part v0x1ddbf70_0, 3, 1;
L_0x1de3810 .part v0x1ddc070_0, 6, 1;
L_0x1de3eb0 .part v0x1ddbf70_0, 6, 1;
L_0x1de4190 .part v0x1ddc070_0, 6, 1;
L_0x1de3d80 .part v0x1ddbf70_0, 6, 1;
L_0x1de4050 .part v0x1ddc070_0, 7, 1;
L_0x1de4600 .part v0x1ddbf70_0, 7, 1;
L_0x1de43e0 .part v0x1ddc070_0, 8, 1;
L_0x1de4980 .part v0x1ddbf70_0, 8, 1;
L_0x1de4be0 .part v0x1ddc070_0, 3, 1;
L_0x1de4850 .part v0x1ddbf70_0, 3, 1;
L_0x1de4ac0 .part v0x1ddc070_0, 4, 1;
L_0x1de1660 .part v0x1ddbf70_0, 4, 1;
L_0x1de4e60 .part v0x1ddc070_0, 5, 1;
L_0x1de1560 .part v0x1ddbf70_0, 5, 1;
L_0x1de56f0 .part v0x1ddc070_0, 6, 1;
L_0x1de53a0 .part v0x1ddbf70_0, 6, 1;
L_0x1de55a0 .part v0x1ddc070_0, 4, 1;
L_0x1de57e0 .part v0x1ddbf70_0, 4, 1;
L_0x1de5950 .part v0x1ddc070_0, 2, 1;
L_0x1de5af0 .part v0x1ddbf70_0, 2, 1;
L_0x1de61f0 .part/pv L_0x1debb80, 1, 1, 2;
L_0x1de5e20 .part v0x1ddc070_0, 0, 1;
L_0x1de5ec0 .part v0x1ddbf70_0, 0, 1;
L_0x1de6620 .part v0x1ddc070_0, 1, 1;
L_0x1de6490 .part v0x1ddbf70_0, 1, 1;
L_0x1de6390 .part v0x1ddc070_0, 2, 1;
L_0x1de6860 .part v0x1ddbf70_0, 2, 1;
L_0x1de6ab0 .part v0x1ddc070_0, 0, 1;
L_0x1de6b50 .part v0x1ddbf70_0, 0, 1;
L_0x1de6da0 .part v0x1ddc070_0, 4, 1;
L_0x1de6f40 .part v0x1ddbf70_0, 4, 1;
L_0x1de7190 .part v0x1ddc070_0, 8, 1;
L_0x1de77a0 .part v0x1ddbf70_0, 8, 1;
L_0x1de7390 .part v0x1ddc070_0, 2, 1;
L_0x1de7430 .part v0x1ddbf70_0, 2, 1;
L_0x1de7c50 .part v0x1ddc070_0, 5, 1;
L_0x1de8180 .part v0x1ddbf70_0, 5, 1;
L_0x1de3c10 .part v0x1ddc070_0, 8, 1;
L_0x1de8060 .part v0x1ddbf70_0, 8, 1;
L_0x1de8470 .part v0x1ddc070_0, 7, 1;
L_0x1de8510 .part v0x1ddbf70_0, 7, 1;
L_0x1de8760 .part v0x1ddc070_0, 4, 1;
L_0x1de8900 .part v0x1ddbf70_0, 4, 1;
L_0x1de8b50 .part v0x1ddc070_0, 1, 1;
L_0x1de8cf0 .part v0x1ddbf70_0, 1, 1;
L_0x1de92d0 .part v0x1ddc070_0, 0, 1;
L_0x1de9370 .part v0x1ddbf70_0, 0, 1;
L_0x1de95c0 .part v0x1ddc070_0, 3, 1;
L_0x1de9a30 .part v0x1ddbf70_0, 3, 1;
L_0x1de97c0 .part v0x1ddc070_0, 6, 1;
L_0x1de9e50 .part v0x1ddbf70_0, 6, 1;
L_0x1de9c80 .part v0x1ddc070_0, 6, 1;
L_0x1de9d20 .part v0x1ddbf70_0, 6, 1;
L_0x1de8f90 .part v0x1ddc070_0, 7, 1;
L_0x1dea140 .part v0x1ddbf70_0, 7, 1;
L_0x1dea390 .part v0x1ddc070_0, 8, 1;
L_0x1dea530 .part v0x1ddbf70_0, 8, 1;
L_0x1deaf00 .part v0x1ddc070_0, 3, 1;
L_0x1deafa0 .part v0x1ddbf70_0, 3, 1;
L_0x1dea720 .part v0x1ddc070_0, 4, 1;
L_0x1deabf0 .part v0x1ddbf70_0, 4, 1;
L_0x1deae40 .part v0x1ddc070_0, 5, 1;
L_0x1deb140 .part v0x1ddbf70_0, 5, 1;
L_0x1deb780 .part v0x1ddc070_0, 6, 1;
L_0x1deb820 .part v0x1ddbf70_0, 6, 1;
L_0x1deb330 .part v0x1ddc070_0, 4, 1;
L_0x1deb930 .part v0x1ddbf70_0, 4, 1;
L_0x1debf20 .part v0x1ddc070_0, 2, 1;
L_0x1dec0c0 .part v0x1ddbf70_0, 2, 1;
S_0x1dd0390 .scope module, "sel_pos_dec" "decoder" 2 63, 2 281, S_0x1d6ca90;
 .timescale -9 -12;
v0x1dd04f0_0 .net "in", 3 0, v0x1dde060_0; 1 drivers
v0x1dd05b0_0 .var "y", 8 0;
E_0x1dd0480 .event edge, v0x1dd04f0_0;
S_0x1d2a360 .scope module, "result1" "game_st2res" 2 65, 2 258, S_0x1d6ca90;
 .timescale -9 -12;
v0x1d2a450_0 .var "game_result", 3 0;
v0x1dd02f0_0 .alias "game_st", 7 0, v0x1dddb80_0;
E_0x1d043b0 .event edge, v0x1dd02f0_0;
    .scope S_0x1dd0650;
T_9 ;
    %wait E_0x1dd0950;
    %load/v 8, v0x1ddc070_0, 1; Only need 1 of 9 bits
; Save base=8 wid=1 in lookaside.
    %load/v 9, v0x1ddbf70_0, 1; Only need 1 of 9 bits
; Save base=9 wid=1 in lookaside.
    %and 8, 9, 1;
    %ix/load 1, 1, 0;
    %mov 4, 0, 1;
    %jmp/1 T_9.0, 4;
    %load/x1p 9, v0x1ddc070_0, 1;
    %jmp T_9.1;
T_9.0 ;
    %mov 9, 2, 1;
T_9.1 ;
; Save base=9 wid=1 in lookaside.
    %and 8, 9, 1;
    %ix/load 1, 1, 0;
    %mov 4, 0, 1;
    %jmp/1 T_9.2, 4;
    %load/x1p 9, v0x1ddbf70_0, 1;
    %jmp T_9.3;
T_9.2 ;
    %mov 9, 2, 1;
T_9.3 ;
; Save base=9 wid=1 in lookaside.
    %and 8, 9, 1;
    %ix/load 1, 2, 0;
    %mov 4, 0, 1;
    %jmp/1 T_9.4, 4;
    %load/x1p 9, v0x1ddc070_0, 1;
    %jmp T_9.5;
T_9.4 ;
    %mov 9, 2, 1;
T_9.5 ;
; Save base=9 wid=1 in lookaside.
    %and 8, 9, 1;
    %ix/load 1, 2, 0;
    %mov 4, 0, 1;
    %jmp/1 T_9.6, 4;
    %load/x1p 9, v0x1ddbf70_0, 1;
    %jmp T_9.7;
T_9.6 ;
    %mov 9, 2, 1;
T_9.7 ;
; Save base=9 wid=1 in lookaside.
    %and 8, 9, 1;
    %load/v 9, v0x1ddc070_0, 1; Only need 1 of 9 bits
; Save base=9 wid=1 in lookaside.
    %load/v 10, v0x1ddbf70_0, 1; Only need 1 of 9 bits
; Save base=10 wid=1 in lookaside.
    %inv 10, 1;
    %and 9, 10, 1;
    %ix/load 1, 1, 0;
    %mov 4, 0, 1;
    %jmp/1 T_9.8, 4;
    %load/x1p 10, v0x1ddc070_0, 1;
    %jmp T_9.9;
T_9.8 ;
    %mov 10, 2, 1;
T_9.9 ;
; Save base=10 wid=1 in lookaside.
    %and 9, 10, 1;
    %ix/load 1, 1, 0;
    %mov 4, 0, 1;
    %jmp/1 T_9.10, 4;
    %load/x1p 10, v0x1ddbf70_0, 1;
    %jmp T_9.11;
T_9.10 ;
    %mov 10, 2, 1;
T_9.11 ;
; Save base=10 wid=1 in lookaside.
    %inv 10, 1;
    %and 9, 10, 1;
    %ix/load 1, 2, 0;
    %mov 4, 0, 1;
    %jmp/1 T_9.12, 4;
    %load/x1p 10, v0x1ddc070_0, 1;
    %jmp T_9.13;
T_9.12 ;
    %mov 10, 2, 1;
T_9.13 ;
; Save base=10 wid=1 in lookaside.
    %and 9, 10, 1;
    %ix/load 1, 2, 0;
    %mov 4, 0, 1;
    %jmp/1 T_9.14, 4;
    %load/x1p 10, v0x1ddbf70_0, 1;
    %jmp T_9.15;
T_9.14 ;
    %mov 10, 2, 1;
T_9.15 ;
; Save base=10 wid=1 in lookaside.
    %inv 10, 1;
    %and 9, 10, 1;
    %or 8, 9, 1;
    %set/v v0x1ddc590_0, 8, 1;
    %load/v 8, v0x1ddc070_0, 1; Only need 1 of 9 bits
; Save base=8 wid=1 in lookaside.
    %load/v 9, v0x1ddbf70_0, 1; Only need 1 of 9 bits
; Save base=9 wid=1 in lookaside.
    %and 8, 9, 1;
    %ix/load 1, 4, 0;
    %mov 4, 0, 1;
    %jmp/1 T_9.16, 4;
    %load/x1p 9, v0x1ddc070_0, 1;
    %jmp T_9.17;
T_9.16 ;
    %mov 9, 2, 1;
T_9.17 ;
; Save base=9 wid=1 in lookaside.
    %and 8, 9, 1;
    %ix/load 1, 4, 0;
    %mov 4, 0, 1;
    %jmp/1 T_9.18, 4;
    %load/x1p 9, v0x1ddbf70_0, 1;
    %jmp T_9.19;
T_9.18 ;
    %mov 9, 2, 1;
T_9.19 ;
; Save base=9 wid=1 in lookaside.
    %and 8, 9, 1;
    %ix/load 1, 8, 0;
    %mov 4, 0, 1;
    %jmp/1 T_9.20, 4;
    %load/x1p 9, v0x1ddc070_0, 1;
    %jmp T_9.21;
T_9.20 ;
    %mov 9, 2, 1;
T_9.21 ;
; Save base=9 wid=1 in lookaside.
    %and 8, 9, 1;
    %ix/load 1, 8, 0;
    %mov 4, 0, 1;
    %jmp/1 T_9.22, 4;
    %load/x1p 9, v0x1ddbf70_0, 1;
    %jmp T_9.23;
T_9.22 ;
    %mov 9, 2, 1;
T_9.23 ;
; Save base=9 wid=1 in lookaside.
    %and 8, 9, 1;
    %load/v 9, v0x1ddc070_0, 1; Only need 1 of 9 bits
; Save base=9 wid=1 in lookaside.
    %load/v 10, v0x1ddbf70_0, 1; Only need 1 of 9 bits
; Save base=10 wid=1 in lookaside.
    %inv 10, 1;
    %and 9, 10, 1;
    %ix/load 1, 4, 0;
    %mov 4, 0, 1;
    %jmp/1 T_9.24, 4;
    %load/x1p 10, v0x1ddc070_0, 1;
    %jmp T_9.25;
T_9.24 ;
    %mov 10, 2, 1;
T_9.25 ;
; Save base=10 wid=1 in lookaside.
    %and 9, 10, 1;
    %ix/load 1, 4, 0;
    %mov 4, 0, 1;
    %jmp/1 T_9.26, 4;
    %load/x1p 10, v0x1ddbf70_0, 1;
    %jmp T_9.27;
T_9.26 ;
    %mov 10, 2, 1;
T_9.27 ;
; Save base=10 wid=1 in lookaside.
    %inv 10, 1;
    %and 9, 10, 1;
    %ix/load 1, 8, 0;
    %mov 4, 0, 1;
    %jmp/1 T_9.28, 4;
    %load/x1p 10, v0x1ddc070_0, 1;
    %jmp T_9.29;
T_9.28 ;
    %mov 10, 2, 1;
T_9.29 ;
; Save base=10 wid=1 in lookaside.
    %and 9, 10, 1;
    %ix/load 1, 8, 0;
    %mov 4, 0, 1;
    %jmp/1 T_9.30, 4;
    %load/x1p 10, v0x1ddbf70_0, 1;
    %jmp T_9.31;
T_9.30 ;
    %mov 10, 2, 1;
T_9.31 ;
; Save base=10 wid=1 in lookaside.
    %inv 10, 1;
    %and 9, 10, 1;
    %or 8, 9, 1;
    %set/v v0x1ddc500_0, 8, 1;
    %ix/load 1, 2, 0;
    %mov 4, 0, 1;
    %jmp/1 T_9.32, 4;
    %load/x1p 8, v0x1ddc070_0, 1;
    %jmp T_9.33;
T_9.32 ;
    %mov 8, 2, 1;
T_9.33 ;
; Save base=8 wid=1 in lookaside.
    %ix/load 1, 2, 0;
    %mov 4, 0, 1;
    %jmp/1 T_9.34, 4;
    %load/x1p 9, v0x1ddbf70_0, 1;
    %jmp T_9.35;
T_9.34 ;
    %mov 9, 2, 1;
T_9.35 ;
; Save base=9 wid=1 in lookaside.
    %and 8, 9, 1;
    %ix/load 1, 5, 0;
    %mov 4, 0, 1;
    %jmp/1 T_9.36, 4;
    %load/x1p 9, v0x1ddc070_0, 1;
    %jmp T_9.37;
T_9.36 ;
    %mov 9, 2, 1;
T_9.37 ;
; Save base=9 wid=1 in lookaside.
    %and 8, 9, 1;
    %ix/load 1, 5, 0;
    %mov 4, 0, 1;
    %jmp/1 T_9.38, 4;
    %load/x1p 9, v0x1ddbf70_0, 1;
    %jmp T_9.39;
T_9.38 ;
    %mov 9, 2, 1;
T_9.39 ;
; Save base=9 wid=1 in lookaside.
    %and 8, 9, 1;
    %ix/load 1, 8, 0;
    %mov 4, 0, 1;
    %jmp/1 T_9.40, 4;
    %load/x1p 9, v0x1ddc070_0, 1;
    %jmp T_9.41;
T_9.40 ;
    %mov 9, 2, 1;
T_9.41 ;
; Save base=9 wid=1 in lookaside.
    %and 8, 9, 1;
    %ix/load 1, 8, 0;
    %mov 4, 0, 1;
    %jmp/1 T_9.42, 4;
    %load/x1p 9, v0x1ddbf70_0, 1;
    %jmp T_9.43;
T_9.42 ;
    %mov 9, 2, 1;
T_9.43 ;
; Save base=9 wid=1 in lookaside.
    %and 8, 9, 1;
    %ix/load 1, 2, 0;
    %mov 4, 0, 1;
    %jmp/1 T_9.44, 4;
    %load/x1p 9, v0x1ddc070_0, 1;
    %jmp T_9.45;
T_9.44 ;
    %mov 9, 2, 1;
T_9.45 ;
; Save base=9 wid=1 in lookaside.
    %ix/load 1, 2, 0;
    %mov 4, 0, 1;
    %jmp/1 T_9.46, 4;
    %load/x1p 10, v0x1ddbf70_0, 1;
    %jmp T_9.47;
T_9.46 ;
    %mov 10, 2, 1;
T_9.47 ;
; Save base=10 wid=1 in lookaside.
    %inv 10, 1;
    %and 9, 10, 1;
    %ix/load 1, 5, 0;
    %mov 4, 0, 1;
    %jmp/1 T_9.48, 4;
    %load/x1p 10, v0x1ddc070_0, 1;
    %jmp T_9.49;
T_9.48 ;
    %mov 10, 2, 1;
T_9.49 ;
; Save base=10 wid=1 in lookaside.
    %and 9, 10, 1;
    %ix/load 1, 5, 0;
    %mov 4, 0, 1;
    %jmp/1 T_9.50, 4;
    %load/x1p 10, v0x1ddbf70_0, 1;
    %jmp T_9.51;
T_9.50 ;
    %mov 10, 2, 1;
T_9.51 ;
; Save base=10 wid=1 in lookaside.
    %inv 10, 1;
    %and 9, 10, 1;
    %ix/load 1, 8, 0;
    %mov 4, 0, 1;
    %jmp/1 T_9.52, 4;
    %load/x1p 10, v0x1ddc070_0, 1;
    %jmp T_9.53;
T_9.52 ;
    %mov 10, 2, 1;
T_9.53 ;
; Save base=10 wid=1 in lookaside.
    %and 9, 10, 1;
    %ix/load 1, 8, 0;
    %mov 4, 0, 1;
    %jmp/1 T_9.54, 4;
    %load/x1p 10, v0x1ddbf70_0, 1;
    %jmp T_9.55;
T_9.54 ;
    %mov 10, 2, 1;
T_9.55 ;
; Save base=10 wid=1 in lookaside.
    %inv 10, 1;
    %and 9, 10, 1;
    %or 8, 9, 1;
    %set/v v0x1ddc6b0_0, 8, 1;
    %ix/load 1, 7, 0;
    %mov 4, 0, 1;
    %jmp/1 T_9.56, 4;
    %load/x1p 8, v0x1ddc070_0, 1;
    %jmp T_9.57;
T_9.56 ;
    %mov 8, 2, 1;
T_9.57 ;
; Save base=8 wid=1 in lookaside.
    %ix/load 1, 7, 0;
    %mov 4, 0, 1;
    %jmp/1 T_9.58, 4;
    %load/x1p 9, v0x1ddbf70_0, 1;
    %jmp T_9.59;
T_9.58 ;
    %mov 9, 2, 1;
T_9.59 ;
; Save base=9 wid=1 in lookaside.
    %and 8, 9, 1;
    %ix/load 1, 4, 0;
    %mov 4, 0, 1;
    %jmp/1 T_9.60, 4;
    %load/x1p 9, v0x1ddc070_0, 1;
    %jmp T_9.61;
T_9.60 ;
    %mov 9, 2, 1;
T_9.61 ;
; Save base=9 wid=1 in lookaside.
    %and 8, 9, 1;
    %ix/load 1, 4, 0;
    %mov 4, 0, 1;
    %jmp/1 T_9.62, 4;
    %load/x1p 9, v0x1ddbf70_0, 1;
    %jmp T_9.63;
T_9.62 ;
    %mov 9, 2, 1;
T_9.63 ;
; Save base=9 wid=1 in lookaside.
    %and 8, 9, 1;
    %ix/load 1, 1, 0;
    %mov 4, 0, 1;
    %jmp/1 T_9.64, 4;
    %load/x1p 9, v0x1ddc070_0, 1;
    %jmp T_9.65;
T_9.64 ;
    %mov 9, 2, 1;
T_9.65 ;
; Save base=9 wid=1 in lookaside.
    %and 8, 9, 1;
    %ix/load 1, 1, 0;
    %mov 4, 0, 1;
    %jmp/1 T_9.66, 4;
    %load/x1p 9, v0x1ddbf70_0, 1;
    %jmp T_9.67;
T_9.66 ;
    %mov 9, 2, 1;
T_9.67 ;
; Save base=9 wid=1 in lookaside.
    %and 8, 9, 1;
    %ix/load 1, 7, 0;
    %mov 4, 0, 1;
    %jmp/1 T_9.68, 4;
    %load/x1p 9, v0x1ddc070_0, 1;
    %jmp T_9.69;
T_9.68 ;
    %mov 9, 2, 1;
T_9.69 ;
; Save base=9 wid=1 in lookaside.
    %ix/load 1, 7, 0;
    %mov 4, 0, 1;
    %jmp/1 T_9.70, 4;
    %load/x1p 10, v0x1ddbf70_0, 1;
    %jmp T_9.71;
T_9.70 ;
    %mov 10, 2, 1;
T_9.71 ;
; Save base=10 wid=1 in lookaside.
    %inv 10, 1;
    %and 9, 10, 1;
    %ix/load 1, 4, 0;
    %mov 4, 0, 1;
    %jmp/1 T_9.72, 4;
    %load/x1p 10, v0x1ddc070_0, 1;
    %jmp T_9.73;
T_9.72 ;
    %mov 10, 2, 1;
T_9.73 ;
; Save base=10 wid=1 in lookaside.
    %and 9, 10, 1;
    %ix/load 1, 4, 0;
    %mov 4, 0, 1;
    %jmp/1 T_9.74, 4;
    %load/x1p 10, v0x1ddbf70_0, 1;
    %jmp T_9.75;
T_9.74 ;
    %mov 10, 2, 1;
T_9.75 ;
; Save base=10 wid=1 in lookaside.
    %inv 10, 1;
    %and 9, 10, 1;
    %ix/load 1, 1, 0;
    %mov 4, 0, 1;
    %jmp/1 T_9.76, 4;
    %load/x1p 10, v0x1ddc070_0, 1;
    %jmp T_9.77;
T_9.76 ;
    %mov 10, 2, 1;
T_9.77 ;
; Save base=10 wid=1 in lookaside.
    %and 9, 10, 1;
    %ix/load 1, 1, 0;
    %mov 4, 0, 1;
    %jmp/1 T_9.78, 4;
    %load/x1p 10, v0x1ddbf70_0, 1;
    %jmp T_9.79;
T_9.78 ;
    %mov 10, 2, 1;
T_9.79 ;
; Save base=10 wid=1 in lookaside.
    %inv 10, 1;
    %and 9, 10, 1;
    %or 8, 9, 1;
    %set/v v0x1ddc630_0, 8, 1;
    %load/v 8, v0x1ddc070_0, 1; Only need 1 of 9 bits
; Save base=8 wid=1 in lookaside.
    %load/v 9, v0x1ddbf70_0, 1; Only need 1 of 9 bits
; Save base=9 wid=1 in lookaside.
    %and 8, 9, 1;
    %ix/load 1, 3, 0;
    %mov 4, 0, 1;
    %jmp/1 T_9.80, 4;
    %load/x1p 9, v0x1ddc070_0, 1;
    %jmp T_9.81;
T_9.80 ;
    %mov 9, 2, 1;
T_9.81 ;
; Save base=9 wid=1 in lookaside.
    %and 8, 9, 1;
    %ix/load 1, 3, 0;
    %mov 4, 0, 1;
    %jmp/1 T_9.82, 4;
    %load/x1p 9, v0x1ddbf70_0, 1;
    %jmp T_9.83;
T_9.82 ;
    %mov 9, 2, 1;
T_9.83 ;
; Save base=9 wid=1 in lookaside.
    %and 8, 9, 1;
    %ix/load 1, 6, 0;
    %mov 4, 0, 1;
    %jmp/1 T_9.84, 4;
    %load/x1p 9, v0x1ddc070_0, 1;
    %jmp T_9.85;
T_9.84 ;
    %mov 9, 2, 1;
T_9.85 ;
; Save base=9 wid=1 in lookaside.
    %and 8, 9, 1;
    %ix/load 1, 6, 0;
    %mov 4, 0, 1;
    %jmp/1 T_9.86, 4;
    %load/x1p 9, v0x1ddbf70_0, 1;
    %jmp T_9.87;
T_9.86 ;
    %mov 9, 2, 1;
T_9.87 ;
; Save base=9 wid=1 in lookaside.
    %and 8, 9, 1;
    %ix/load 1, 6, 0;
    %mov 4, 0, 1;
    %jmp/1 T_9.88, 4;
    %load/x1p 9, v0x1ddc070_0, 1;
    %jmp T_9.89;
T_9.88 ;
    %mov 9, 2, 1;
T_9.89 ;
; Save base=9 wid=1 in lookaside.
    %ix/load 1, 6, 0;
    %mov 4, 0, 1;
    %jmp/1 T_9.90, 4;
    %load/x1p 10, v0x1ddbf70_0, 1;
    %jmp T_9.91;
T_9.90 ;
    %mov 10, 2, 1;
T_9.91 ;
; Save base=10 wid=1 in lookaside.
    %inv 10, 1;
    %and 9, 10, 1;
    %ix/load 1, 7, 0;
    %mov 4, 0, 1;
    %jmp/1 T_9.92, 4;
    %load/x1p 10, v0x1ddc070_0, 1;
    %jmp T_9.93;
T_9.92 ;
    %mov 10, 2, 1;
T_9.93 ;
; Save base=10 wid=1 in lookaside.
    %and 9, 10, 1;
    %ix/load 1, 7, 0;
    %mov 4, 0, 1;
    %jmp/1 T_9.94, 4;
    %load/x1p 10, v0x1ddbf70_0, 1;
    %jmp T_9.95;
T_9.94 ;
    %mov 10, 2, 1;
T_9.95 ;
; Save base=10 wid=1 in lookaside.
    %inv 10, 1;
    %and 9, 10, 1;
    %ix/load 1, 8, 0;
    %mov 4, 0, 1;
    %jmp/1 T_9.96, 4;
    %load/x1p 10, v0x1ddc070_0, 1;
    %jmp T_9.97;
T_9.96 ;
    %mov 10, 2, 1;
T_9.97 ;
; Save base=10 wid=1 in lookaside.
    %and 9, 10, 1;
    %ix/load 1, 8, 0;
    %mov 4, 0, 1;
    %jmp/1 T_9.98, 4;
    %load/x1p 10, v0x1ddbf70_0, 1;
    %jmp T_9.99;
T_9.98 ;
    %mov 10, 2, 1;
T_9.99 ;
; Save base=10 wid=1 in lookaside.
    %inv 10, 1;
    %and 9, 10, 1;
    %or 8, 9, 1;
    %set/v v0x1ddc800_0, 8, 1;
    %ix/load 1, 6, 0;
    %mov 4, 0, 1;
    %jmp/1 T_9.100, 4;
    %load/x1p 8, v0x1ddc070_0, 1;
    %jmp T_9.101;
T_9.100 ;
    %mov 8, 2, 1;
T_9.101 ;
; Save base=8 wid=1 in lookaside.
    %ix/load 1, 6, 0;
    %mov 4, 0, 1;
    %jmp/1 T_9.102, 4;
    %load/x1p 9, v0x1ddbf70_0, 1;
    %jmp T_9.103;
T_9.102 ;
    %mov 9, 2, 1;
T_9.103 ;
; Save base=9 wid=1 in lookaside.
    %and 8, 9, 1;
    %ix/load 1, 7, 0;
    %mov 4, 0, 1;
    %jmp/1 T_9.104, 4;
    %load/x1p 9, v0x1ddc070_0, 1;
    %jmp T_9.105;
T_9.104 ;
    %mov 9, 2, 1;
T_9.105 ;
; Save base=9 wid=1 in lookaside.
    %and 8, 9, 1;
    %ix/load 1, 7, 0;
    %mov 4, 0, 1;
    %jmp/1 T_9.106, 4;
    %load/x1p 9, v0x1ddbf70_0, 1;
    %jmp T_9.107;
T_9.106 ;
    %mov 9, 2, 1;
T_9.107 ;
; Save base=9 wid=1 in lookaside.
    %and 8, 9, 1;
    %ix/load 1, 8, 0;
    %mov 4, 0, 1;
    %jmp/1 T_9.108, 4;
    %load/x1p 9, v0x1ddc070_0, 1;
    %jmp T_9.109;
T_9.108 ;
    %mov 9, 2, 1;
T_9.109 ;
; Save base=9 wid=1 in lookaside.
    %and 8, 9, 1;
    %ix/load 1, 8, 0;
    %mov 4, 0, 1;
    %jmp/1 T_9.110, 4;
    %load/x1p 9, v0x1ddbf70_0, 1;
    %jmp T_9.111;
T_9.110 ;
    %mov 9, 2, 1;
T_9.111 ;
; Save base=9 wid=1 in lookaside.
    %and 8, 9, 1;
    %ix/load 1, 6, 0;
    %mov 4, 0, 1;
    %jmp/1 T_9.112, 4;
    %load/x1p 9, v0x1ddc070_0, 1;
    %jmp T_9.113;
T_9.112 ;
    %mov 9, 2, 1;
T_9.113 ;
; Save base=9 wid=1 in lookaside.
    %ix/load 1, 6, 0;
    %mov 4, 0, 1;
    %jmp/1 T_9.114, 4;
    %load/x1p 10, v0x1ddbf70_0, 1;
    %jmp T_9.115;
T_9.114 ;
    %mov 10, 2, 1;
T_9.115 ;
; Save base=10 wid=1 in lookaside.
    %inv 10, 1;
    %and 9, 10, 1;
    %ix/load 1, 7, 0;
    %mov 4, 0, 1;
    %jmp/1 T_9.116, 4;
    %load/x1p 10, v0x1ddc070_0, 1;
    %jmp T_9.117;
T_9.116 ;
    %mov 10, 2, 1;
T_9.117 ;
; Save base=10 wid=1 in lookaside.
    %and 9, 10, 1;
    %ix/load 1, 7, 0;
    %mov 4, 0, 1;
    %jmp/1 T_9.118, 4;
    %load/x1p 10, v0x1ddbf70_0, 1;
    %jmp T_9.119;
T_9.118 ;
    %mov 10, 2, 1;
T_9.119 ;
; Save base=10 wid=1 in lookaside.
    %inv 10, 1;
    %and 9, 10, 1;
    %ix/load 1, 8, 0;
    %mov 4, 0, 1;
    %jmp/1 T_9.120, 4;
    %load/x1p 10, v0x1ddc070_0, 1;
    %jmp T_9.121;
T_9.120 ;
    %mov 10, 2, 1;
T_9.121 ;
; Save base=10 wid=1 in lookaside.
    %and 9, 10, 1;
    %ix/load 1, 8, 0;
    %mov 4, 0, 1;
    %jmp/1 T_9.122, 4;
    %load/x1p 10, v0x1ddbf70_0, 1;
    %jmp T_9.123;
T_9.122 ;
    %mov 10, 2, 1;
T_9.123 ;
; Save base=10 wid=1 in lookaside.
    %inv 10, 1;
    %and 9, 10, 1;
    %or 8, 9, 1;
    %set/v v0x1ddc750_0, 8, 1;
    %ix/load 1, 3, 0;
    %mov 4, 0, 1;
    %jmp/1 T_9.124, 4;
    %load/x1p 8, v0x1ddc070_0, 1;
    %jmp T_9.125;
T_9.124 ;
    %mov 8, 2, 1;
T_9.125 ;
; Save base=8 wid=1 in lookaside.
    %ix/load 1, 3, 0;
    %mov 4, 0, 1;
    %jmp/1 T_9.126, 4;
    %load/x1p 9, v0x1ddbf70_0, 1;
    %jmp T_9.127;
T_9.126 ;
    %mov 9, 2, 1;
T_9.127 ;
; Save base=9 wid=1 in lookaside.
    %and 8, 9, 1;
    %ix/load 1, 4, 0;
    %mov 4, 0, 1;
    %jmp/1 T_9.128, 4;
    %load/x1p 9, v0x1ddc070_0, 1;
    %jmp T_9.129;
T_9.128 ;
    %mov 9, 2, 1;
T_9.129 ;
; Save base=9 wid=1 in lookaside.
    %and 8, 9, 1;
    %ix/load 1, 4, 0;
    %mov 4, 0, 1;
    %jmp/1 T_9.130, 4;
    %load/x1p 9, v0x1ddbf70_0, 1;
    %jmp T_9.131;
T_9.130 ;
    %mov 9, 2, 1;
T_9.131 ;
; Save base=9 wid=1 in lookaside.
    %and 8, 9, 1;
    %ix/load 1, 5, 0;
    %mov 4, 0, 1;
    %jmp/1 T_9.132, 4;
    %load/x1p 9, v0x1ddc070_0, 1;
    %jmp T_9.133;
T_9.132 ;
    %mov 9, 2, 1;
T_9.133 ;
; Save base=9 wid=1 in lookaside.
    %and 8, 9, 1;
    %ix/load 1, 5, 0;
    %mov 4, 0, 1;
    %jmp/1 T_9.134, 4;
    %load/x1p 9, v0x1ddbf70_0, 1;
    %jmp T_9.135;
T_9.134 ;
    %mov 9, 2, 1;
T_9.135 ;
; Save base=9 wid=1 in lookaside.
    %and 8, 9, 1;
    %ix/load 1, 3, 0;
    %mov 4, 0, 1;
    %jmp/1 T_9.136, 4;
    %load/x1p 9, v0x1ddc070_0, 1;
    %jmp T_9.137;
T_9.136 ;
    %mov 9, 2, 1;
T_9.137 ;
; Save base=9 wid=1 in lookaside.
    %ix/load 1, 3, 0;
    %mov 4, 0, 1;
    %jmp/1 T_9.138, 4;
    %load/x1p 10, v0x1ddbf70_0, 1;
    %jmp T_9.139;
T_9.138 ;
    %mov 10, 2, 1;
T_9.139 ;
; Save base=10 wid=1 in lookaside.
    %inv 10, 1;
    %and 9, 10, 1;
    %ix/load 1, 4, 0;
    %mov 4, 0, 1;
    %jmp/1 T_9.140, 4;
    %load/x1p 10, v0x1ddc070_0, 1;
    %jmp T_9.141;
T_9.140 ;
    %mov 10, 2, 1;
T_9.141 ;
; Save base=10 wid=1 in lookaside.
    %and 9, 10, 1;
    %ix/load 1, 4, 0;
    %mov 4, 0, 1;
    %jmp/1 T_9.142, 4;
    %load/x1p 10, v0x1ddbf70_0, 1;
    %jmp T_9.143;
T_9.142 ;
    %mov 10, 2, 1;
T_9.143 ;
; Save base=10 wid=1 in lookaside.
    %inv 10, 1;
    %and 9, 10, 1;
    %ix/load 1, 5, 0;
    %mov 4, 0, 1;
    %jmp/1 T_9.144, 4;
    %load/x1p 10, v0x1ddc070_0, 1;
    %jmp T_9.145;
T_9.144 ;
    %mov 10, 2, 1;
T_9.145 ;
; Save base=10 wid=1 in lookaside.
    %and 9, 10, 1;
    %ix/load 1, 5, 0;
    %mov 4, 0, 1;
    %jmp/1 T_9.146, 4;
    %load/x1p 10, v0x1ddbf70_0, 1;
    %jmp T_9.147;
T_9.146 ;
    %mov 10, 2, 1;
T_9.147 ;
; Save base=10 wid=1 in lookaside.
    %inv 10, 1;
    %and 9, 10, 1;
    %or 8, 9, 1;
    %set/v v0x1ddc960_0, 8, 1;
    %ix/load 1, 6, 0;
    %mov 4, 0, 1;
    %jmp/1 T_9.148, 4;
    %load/x1p 8, v0x1ddc070_0, 1;
    %jmp T_9.149;
T_9.148 ;
    %mov 8, 2, 1;
T_9.149 ;
; Save base=8 wid=1 in lookaside.
    %ix/load 1, 6, 0;
    %mov 4, 0, 1;
    %jmp/1 T_9.150, 4;
    %load/x1p 9, v0x1ddbf70_0, 1;
    %jmp T_9.151;
T_9.150 ;
    %mov 9, 2, 1;
T_9.151 ;
; Save base=9 wid=1 in lookaside.
    %and 8, 9, 1;
    %ix/load 1, 4, 0;
    %mov 4, 0, 1;
    %jmp/1 T_9.152, 4;
    %load/x1p 9, v0x1ddc070_0, 1;
    %jmp T_9.153;
T_9.152 ;
    %mov 9, 2, 1;
T_9.153 ;
; Save base=9 wid=1 in lookaside.
    %and 8, 9, 1;
    %ix/load 1, 4, 0;
    %mov 4, 0, 1;
    %jmp/1 T_9.154, 4;
    %load/x1p 9, v0x1ddbf70_0, 1;
    %jmp T_9.155;
T_9.154 ;
    %mov 9, 2, 1;
T_9.155 ;
; Save base=9 wid=1 in lookaside.
    %and 8, 9, 1;
    %ix/load 1, 2, 0;
    %mov 4, 0, 1;
    %jmp/1 T_9.156, 4;
    %load/x1p 9, v0x1ddc070_0, 1;
    %jmp T_9.157;
T_9.156 ;
    %mov 9, 2, 1;
T_9.157 ;
; Save base=9 wid=1 in lookaside.
    %and 8, 9, 1;
    %ix/load 1, 2, 0;
    %mov 4, 0, 1;
    %jmp/1 T_9.158, 4;
    %load/x1p 9, v0x1ddbf70_0, 1;
    %jmp T_9.159;
T_9.158 ;
    %mov 9, 2, 1;
T_9.159 ;
; Save base=9 wid=1 in lookaside.
    %and 8, 9, 1;
    %ix/load 1, 6, 0;
    %mov 4, 0, 1;
    %jmp/1 T_9.160, 4;
    %load/x1p 9, v0x1ddc070_0, 1;
    %jmp T_9.161;
T_9.160 ;
    %mov 9, 2, 1;
T_9.161 ;
; Save base=9 wid=1 in lookaside.
    %ix/load 1, 6, 0;
    %mov 4, 0, 1;
    %jmp/1 T_9.162, 4;
    %load/x1p 10, v0x1ddbf70_0, 1;
    %jmp T_9.163;
T_9.162 ;
    %mov 10, 2, 1;
T_9.163 ;
; Save base=10 wid=1 in lookaside.
    %inv 10, 1;
    %and 9, 10, 1;
    %ix/load 1, 4, 0;
    %mov 4, 0, 1;
    %jmp/1 T_9.164, 4;
    %load/x1p 10, v0x1ddc070_0, 1;
    %jmp T_9.165;
T_9.164 ;
    %mov 10, 2, 1;
T_9.165 ;
; Save base=10 wid=1 in lookaside.
    %and 9, 10, 1;
    %ix/load 1, 4, 0;
    %mov 4, 0, 1;
    %jmp/1 T_9.166, 4;
    %load/x1p 10, v0x1ddbf70_0, 1;
    %jmp T_9.167;
T_9.166 ;
    %mov 10, 2, 1;
T_9.167 ;
; Save base=10 wid=1 in lookaside.
    %inv 10, 1;
    %and 9, 10, 1;
    %ix/load 1, 2, 0;
    %mov 4, 0, 1;
    %jmp/1 T_9.168, 4;
    %load/x1p 10, v0x1ddc070_0, 1;
    %jmp T_9.169;
T_9.168 ;
    %mov 10, 2, 1;
T_9.169 ;
; Save base=10 wid=1 in lookaside.
    %and 9, 10, 1;
    %ix/load 1, 2, 0;
    %mov 4, 0, 1;
    %jmp/1 T_9.170, 4;
    %load/x1p 10, v0x1ddbf70_0, 1;
    %jmp T_9.171;
T_9.170 ;
    %mov 10, 2, 1;
T_9.171 ;
; Save base=10 wid=1 in lookaside.
    %inv 10, 1;
    %and 9, 10, 1;
    %or 8, 9, 1;
    %set/v v0x1ddc8a0_0, 8, 1;
    %load/v 8, v0x1ddc070_0, 1; Only need 1 of 9 bits
; Save base=8 wid=1 in lookaside.
    %ix/load 1, 1, 0;
    %mov 4, 0, 1;
    %jmp/1 T_9.172, 4;
    %load/x1p 9, v0x1ddc070_0, 1;
    %jmp T_9.173;
T_9.172 ;
    %mov 9, 2, 1;
T_9.173 ;
; Save base=9 wid=1 in lookaside.
    %and 8, 9, 1;
    %ix/load 1, 2, 0;
    %mov 4, 0, 1;
    %jmp/1 T_9.174, 4;
    %load/x1p 9, v0x1ddc070_0, 1;
    %jmp T_9.175;
T_9.174 ;
    %mov 9, 2, 1;
T_9.175 ;
; Save base=9 wid=1 in lookaside.
    %and 8, 9, 1;
    %ix/load 1, 3, 0;
    %mov 4, 0, 1;
    %jmp/1 T_9.176, 4;
    %load/x1p 9, v0x1ddc070_0, 1;
    %jmp T_9.177;
T_9.176 ;
    %mov 9, 2, 1;
T_9.177 ;
; Save base=9 wid=1 in lookaside.
    %and 8, 9, 1;
    %ix/load 1, 4, 0;
    %mov 4, 0, 1;
    %jmp/1 T_9.178, 4;
    %load/x1p 9, v0x1ddc070_0, 1;
    %jmp T_9.179;
T_9.178 ;
    %mov 9, 2, 1;
T_9.179 ;
; Save base=9 wid=1 in lookaside.
    %and 8, 9, 1;
    %ix/load 1, 5, 0;
    %mov 4, 0, 1;
    %jmp/1 T_9.180, 4;
    %load/x1p 9, v0x1ddc070_0, 1;
    %jmp T_9.181;
T_9.180 ;
    %mov 9, 2, 1;
T_9.181 ;
; Save base=9 wid=1 in lookaside.
    %and 8, 9, 1;
    %ix/load 1, 6, 0;
    %mov 4, 0, 1;
    %jmp/1 T_9.182, 4;
    %load/x1p 9, v0x1ddc070_0, 1;
    %jmp T_9.183;
T_9.182 ;
    %mov 9, 2, 1;
T_9.183 ;
; Save base=9 wid=1 in lookaside.
    %and 8, 9, 1;
    %ix/load 1, 7, 0;
    %mov 4, 0, 1;
    %jmp/1 T_9.184, 4;
    %load/x1p 9, v0x1ddc070_0, 1;
    %jmp T_9.185;
T_9.184 ;
    %mov 9, 2, 1;
T_9.185 ;
; Save base=9 wid=1 in lookaside.
    %and 8, 9, 1;
    %ix/load 1, 8, 0;
    %mov 4, 0, 1;
    %jmp/1 T_9.186, 4;
    %load/x1p 9, v0x1ddc070_0, 1;
    %jmp T_9.187;
T_9.186 ;
    %mov 9, 2, 1;
T_9.187 ;
; Save base=9 wid=1 in lookaside.
    %and 8, 9, 1;
    %set/v v0x1ddcab0_0, 8, 1;
    %jmp T_9;
    .thread T_9, $push;
    .scope S_0x1dd0650;
T_10 ;
    %wait E_0x1dd0900;
    %load/v 8, v0x1ddbda0_0, 8;
    %cmpi/u 8, 88, 8;
    %mov 8, 4, 1;
    %load/v 9, v0x1ddbda0_0, 8;
    %cmpi/u 9, 79, 8;
    %or 8, 4, 1;
    %jmp/0xz  T_10.0, 8;
    %load/v 8, v0x1ddbff0_0, 9;
    %cmpi/u 8, 0, 9;
    %jmp/0xz  T_10.2, 4;
    %load/v 8, v0x1ddc590_0, 1;
    %jmp/0xz  T_10.4, 8;
    %movi 8, 7, 9;
    %set/v v0x1ddbff0_0, 8, 9;
    %jmp T_10.5;
T_10.4 ;
    %load/v 8, v0x1ddc500_0, 1;
    %jmp/0xz  T_10.6, 8;
    %movi 8, 273, 9;
    %set/v v0x1ddbff0_0, 8, 9;
    %jmp T_10.7;
T_10.6 ;
    %load/v 8, v0x1ddc6b0_0, 1;
    %jmp/0xz  T_10.8, 8;
    %movi 8, 292, 9;
    %set/v v0x1ddbff0_0, 8, 9;
    %jmp T_10.9;
T_10.8 ;
    %load/v 8, v0x1ddc630_0, 1;
    %jmp/0xz  T_10.10, 8;
    %movi 8, 146, 9;
    %set/v v0x1ddbff0_0, 8, 9;
    %jmp T_10.11;
T_10.10 ;
    %load/v 8, v0x1ddc800_0, 1;
    %jmp/0xz  T_10.12, 8;
    %movi 8, 73, 9;
    %set/v v0x1ddbff0_0, 8, 9;
    %jmp T_10.13;
T_10.12 ;
    %load/v 8, v0x1ddc750_0, 1;
    %jmp/0xz  T_10.14, 8;
    %movi 8, 448, 9;
    %set/v v0x1ddbff0_0, 8, 9;
    %jmp T_10.15;
T_10.14 ;
    %load/v 8, v0x1ddc960_0, 1;
    %jmp/0xz  T_10.16, 8;
    %movi 8, 56, 9;
    %set/v v0x1ddbff0_0, 8, 9;
    %jmp T_10.17;
T_10.16 ;
    %load/v 8, v0x1ddc8a0_0, 1;
    %jmp/0xz  T_10.18, 8;
    %movi 8, 84, 9;
    %set/v v0x1ddbff0_0, 8, 9;
T_10.18 ;
T_10.17 ;
T_10.15 ;
T_10.13 ;
T_10.11 ;
T_10.9 ;
T_10.7 ;
T_10.5 ;
T_10.2 ;
    %jmp T_10.1;
T_10.0 ;
    %load/v 8, v0x1ddbda0_0, 8;
    %cmpi/u 8, 67, 8;
    %jmp/0xz  T_10.20, 4;
    %load/v 8, v0x1ddc590_0, 1;
    %jmp/0xz  T_10.22, 8;
    %movi 8, 7, 9;
    %set/v v0x1ddbff0_0, 8, 9;
T_10.22 ;
    %load/v 8, v0x1ddc500_0, 1;
    %jmp/0xz  T_10.24, 8;
    %movi 8, 273, 9;
    %set/v v0x1ddbff0_0, 8, 9;
T_10.24 ;
    %load/v 8, v0x1ddc6b0_0, 1;
    %jmp/0xz  T_10.26, 8;
    %movi 8, 292, 9;
    %set/v v0x1ddbff0_0, 8, 9;
T_10.26 ;
    %load/v 8, v0x1ddc630_0, 1;
    %jmp/0xz  T_10.28, 8;
    %movi 8, 146, 9;
    %set/v v0x1ddbff0_0, 8, 9;
T_10.28 ;
    %load/v 8, v0x1ddc800_0, 1;
    %jmp/0xz  T_10.30, 8;
    %movi 8, 73, 9;
    %set/v v0x1ddbff0_0, 8, 9;
T_10.30 ;
    %load/v 8, v0x1ddc750_0, 1;
    %jmp/0xz  T_10.32, 8;
    %movi 8, 448, 9;
    %set/v v0x1ddbff0_0, 8, 9;
T_10.32 ;
    %load/v 8, v0x1ddc960_0, 1;
    %jmp/0xz  T_10.34, 8;
    %movi 8, 56, 9;
    %set/v v0x1ddbff0_0, 8, 9;
T_10.34 ;
    %load/v 8, v0x1ddc8a0_0, 1;
    %jmp/0xz  T_10.36, 8;
    %movi 8, 84, 9;
    %set/v v0x1ddbff0_0, 8, 9;
T_10.36 ;
    %jmp T_10.21;
T_10.20 ;
    %set/v v0x1ddbff0_0, 0, 9;
T_10.21 ;
T_10.1 ;
    %jmp T_10;
    .thread T_10;
    .scope S_0x1dd0650;
T_11 ;
    %wait E_0x1dd08a0;
    %load/v 8, v0x1ddc170_0, 1;
    %jmp/0xz  T_11.0, 8;
    %ix/load 0, 4, 0;
    %assign/v0 v0x1ddbe50_0, 0, 0;
    %set/v v0x1ddc070_0, 0, 9;
    %set/v v0x1ddbf70_0, 0, 9;
    %set/v v0x1ddbff0_0, 0, 9;
    %set/v v0x1ddc0f0_0, 0, 1;
    %jmp T_11.1;
T_11.0 ;
    %load/v 8, v0x1ddbed0_0, 4;
    %ix/load 0, 4, 0;
    %assign/v0 v0x1ddbe50_0, 0, 8;
T_11.1 ;
    %jmp T_11;
    .thread T_11;
    .scope S_0x1dd0650;
T_12 ;
    %wait E_0x1dd0840;
    %load/v 8, v0x1ddbda0_0, 8;
    %cmpi/u 8, 88, 8;
    %mov 8, 4, 1;
    %load/v 9, v0x1ddbda0_0, 8;
    %cmpi/u 9, 79, 8;
    %or 8, 4, 1;
    %inv 8, 1;
    %jmp/0xz  T_12.0, 8;
    %load/v 8, v0x1ddbcf0_0, 1;
    %cmpi/u 8, 0, 1;
    %jmp/0xz  T_12.2, 4;
    %load/v 8, v0x1ddc070_0, 9;
    %inv 8, 9;
    %load/v 17, v0x1ddbf70_0, 9;
    %nor 8, 17, 9;
    %set/v v0x1ddbff0_0, 8, 9;
    %jmp T_12.3;
T_12.2 ;
    %load/v 8, v0x1ddbcf0_0, 1;
    %jmp/0xz  T_12.4, 8;
    %load/v 8, v0x1ddc070_0, 9;
    %load/v 17, v0x1ddbf70_0, 9;
    %and 8, 17, 9;
    %set/v v0x1ddbff0_0, 8, 9;
T_12.4 ;
T_12.3 ;
T_12.0 ;
    %jmp T_12;
    .thread T_12, $push;
    .scope S_0x1dd0650;
T_13 ;
    %wait E_0x1dd07f0;
    %load/v 8, v0x1ddbe50_0, 4;
    %cmpi/u 8, 1, 4;
    %jmp/1 T_13.0, 6;
    %cmpi/u 8, 2, 4;
    %jmp/1 T_13.1, 6;
    %cmpi/u 8, 6, 4;
    %jmp/1 T_13.2, 6;
    %cmpi/u 8, 7, 4;
    %jmp/1 T_13.3, 6;
    %set/v v0x1ddc3e0_0, 0, 1;
    %set/v v0x1ddc2c0_0, 0, 1;
    %jmp T_13.5;
T_13.0 ;
    %set/v v0x1ddc3e0_0, 1, 1;
    %jmp T_13.5;
T_13.1 ;
    %set/v v0x1ddc3e0_0, 1, 1;
    %jmp T_13.5;
T_13.2 ;
    %set/v v0x1ddc2c0_0, 1, 1;
    %jmp T_13.5;
T_13.3 ;
    %set/v v0x1ddc2c0_0, 1, 1;
    %jmp T_13.5;
T_13.5 ;
    %jmp T_13;
    .thread T_13, $push;
    .scope S_0x1dd0650;
T_14 ;
    %wait E_0x1dd0740;
    %load/v 8, v0x1ddbe50_0, 4;
    %cmpi/u 8, 0, 4;
    %jmp/1 T_14.0, 6;
    %cmpi/u 8, 1, 4;
    %jmp/1 T_14.1, 6;
    %cmpi/u 8, 2, 4;
    %jmp/1 T_14.2, 6;
    %cmpi/u 8, 3, 4;
    %jmp/1 T_14.3, 6;
    %cmpi/u 8, 4, 4;
    %jmp/1 T_14.4, 6;
    %cmpi/u 8, 5, 4;
    %jmp/1 T_14.5, 6;
    %cmpi/u 8, 6, 4;
    %jmp/1 T_14.6, 6;
    %cmpi/u 8, 7, 4;
    %jmp/1 T_14.7, 6;
    %cmpi/u 8, 8, 4;
    %jmp/1 T_14.8, 6;
    %cmpi/u 8, 9, 4;
    %jmp/1 T_14.9, 6;
    %cmpi/u 8, 10, 4;
    %jmp/1 T_14.10, 6;
    %cmpi/u 8, 11, 4;
    %jmp/1 T_14.11, 6;
    %jmp T_14.12;
T_14.0 ;
    %movi 8, 1, 4;
    %set/v v0x1ddbed0_0, 8, 4;
    %movi 8, 110, 8;
    %ix/load 0, 8, 0;
    %assign/v0 v0x1ddbda0_0, 0, 8;
    %jmp T_14.12;
T_14.1 ;
    %movi 8, 110, 8;
    %ix/load 0, 8, 0;
    %assign/v0 v0x1ddbda0_0, 0, 8;
    %load/v 8, v0x1ddbbf0_0, 1;
    %jmp/0xz  T_14.13, 8;
    %movi 8, 3, 4;
    %set/v v0x1ddbed0_0, 8, 4;
    %set/v v0x1ddc0f0_0, 0, 1;
    %jmp T_14.14;
T_14.13 ;
    %load/v 8, v0x1ddbb70_0, 1;
    %jmp/0xz  T_14.15, 8;
    %movi 8, 2, 4;
    %set/v v0x1ddbed0_0, 8, 4;
    %jmp T_14.16;
T_14.15 ;
    %movi 8, 1, 4;
    %set/v v0x1ddbed0_0, 8, 4;
T_14.16 ;
T_14.14 ;
    %jmp T_14.12;
T_14.2 ;
    %movi 8, 69, 8;
    %ix/load 0, 8, 0;
    %assign/v0 v0x1ddbda0_0, 0, 8;
    %set/v v0x1ddc0f0_0, 0, 1;
    %load/v 8, v0x1ddbbf0_0, 1;
    %jmp/0xz  T_14.17, 8;
    %movi 8, 3, 4;
    %set/v v0x1ddbed0_0, 8, 4;
    %jmp T_14.18;
T_14.17 ;
    %movi 8, 2, 4;
    %set/v v0x1ddbed0_0, 8, 4;
T_14.18 ;
    %jmp T_14.12;
T_14.3 ;
    %movi 8, 110, 8;
    %ix/load 0, 8, 0;
    %assign/v0 v0x1ddbda0_0, 0, 8;
    %load/v 8, v0x1ddc480_0, 1;
    %load/v 9, v0x1ddc0f0_0, 1;
    %or 8, 9, 1;
    %jmp/0xz  T_14.19, 8;
    %set/v v0x1ddc0f0_0, 1, 1;
    %movi 8, 4, 4;
    %set/v v0x1ddbed0_0, 8, 4;
    %load/v 8, v0x1ddc070_0, 9;
    %load/v 17, v0x1ddc1f0_0, 9;
    %or 8, 17, 9;
    %set/v v0x1ddc070_0, 8, 9;
    %load/v 8, v0x1ddbf70_0, 9;
    %load/v 17, v0x1ddc1f0_0, 9;
    %or 8, 17, 9;
    %set/v v0x1ddbf70_0, 8, 9;
T_14.19 ;
    %load/v 8, v0x1ddc480_0, 1;
    %inv 8, 1;
    %load/v 9, v0x1ddc0f0_0, 1;
    %inv 9, 1;
    %and 8, 9, 1;
    %jmp/0xz  T_14.21, 8;
    %movi 8, 2, 4;
    %set/v v0x1ddbed0_0, 8, 4;
T_14.21 ;
    %jmp T_14.12;
T_14.4 ;
    %movi 8, 110, 8;
    %ix/load 0, 8, 0;
    %assign/v0 v0x1ddbda0_0, 0, 8;
    %load/v 8, v0x1ddcab0_0, 1;
    %jmp/0xz  T_14.23, 8;
    %movi 8, 11, 4;
    %set/v v0x1ddbed0_0, 8, 4;
    %jmp T_14.24;
T_14.23 ;
    %load/v 8, v0x1ddc340_0, 2;
    %cmpi/u 8, 1, 2;
    %jmp/1 T_14.25, 6;
    %cmpi/u 8, 2, 2;
    %jmp/1 T_14.26, 6;
    %cmpi/u 8, 0, 2;
    %jmp/1 T_14.27, 6;
    %jmp T_14.28;
T_14.25 ;
    %movi 8, 5, 4;
    %set/v v0x1ddbed0_0, 8, 4;
    %jmp T_14.28;
T_14.26 ;
    %movi 8, 10, 4;
    %set/v v0x1ddbed0_0, 8, 4;
    %jmp T_14.28;
T_14.27 ;
    %movi 8, 6, 4;
    %set/v v0x1ddbed0_0, 8, 4;
    %jmp T_14.28;
T_14.28 ;
T_14.24 ;
    %jmp T_14.12;
T_14.5 ;
    %movi 8, 88, 8;
    %ix/load 0, 8, 0;
    %assign/v0 v0x1ddbda0_0, 0, 8;
    %movi 8, 5, 4;
    %set/v v0x1ddbed0_0, 8, 4;
    %jmp T_14.12;
T_14.6 ;
    %movi 8, 110, 8;
    %ix/load 0, 8, 0;
    %assign/v0 v0x1ddbda0_0, 0, 8;
    %set/v v0x1ddc0f0_0, 0, 1;
    %load/v 8, v0x1ddbb70_0, 1;
    %jmp/0xz  T_14.29, 8;
    %movi 8, 8, 4;
    %set/v v0x1ddbed0_0, 8, 4;
    %jmp T_14.30;
T_14.29 ;
    %load/v 8, v0x1ddbbf0_0, 1;
    %jmp/0xz  T_14.31, 8;
    %movi 8, 7, 4;
    %set/v v0x1ddbed0_0, 8, 4;
    %jmp T_14.32;
T_14.31 ;
    %movi 8, 6, 4;
    %set/v v0x1ddbed0_0, 8, 4;
T_14.32 ;
T_14.30 ;
    %jmp T_14.12;
T_14.7 ;
    %set/v v0x1ddc0f0_0, 0, 1;
    %movi 8, 69, 8;
    %ix/load 0, 8, 0;
    %assign/v0 v0x1ddbda0_0, 0, 8;
    %load/v 8, v0x1ddbb70_0, 1;
    %jmp/0xz  T_14.33, 8;
    %movi 8, 8, 4;
    %set/v v0x1ddbed0_0, 8, 4;
    %jmp T_14.34;
T_14.33 ;
    %movi 8, 7, 4;
    %set/v v0x1ddbed0_0, 8, 4;
T_14.34 ;
    %jmp T_14.12;
T_14.8 ;
    %movi 8, 110, 8;
    %ix/load 0, 8, 0;
    %assign/v0 v0x1ddbda0_0, 0, 8;
    %load/v 8, v0x1ddc480_0, 1;
    %load/v 9, v0x1ddc0f0_0, 1;
    %or 8, 9, 1;
    %jmp/0xz  T_14.35, 8;
    %load/v 8, v0x1ddc070_0, 9;
    %load/v 17, v0x1ddc1f0_0, 9;
    %or 8, 17, 9;
    %set/v v0x1ddc070_0, 8, 9;
    %movi 8, 9, 4;
    %set/v v0x1ddbed0_0, 8, 4;
    %set/v v0x1ddc0f0_0, 1, 1;
T_14.35 ;
    %load/v 8, v0x1ddc480_0, 1;
    %inv 8, 1;
    %load/v 9, v0x1ddc0f0_0, 1;
    %inv 9, 1;
    %and 8, 9, 1;
    %jmp/0xz  T_14.37, 8;
    %movi 8, 7, 4;
    %set/v v0x1ddbed0_0, 8, 4;
T_14.37 ;
    %jmp T_14.12;
T_14.9 ;
    %movi 8, 110, 8;
    %ix/load 0, 8, 0;
    %assign/v0 v0x1ddbda0_0, 0, 8;
    %load/v 8, v0x1ddcab0_0, 1;
    %jmp/0xz  T_14.39, 8;
    %movi 8, 11, 4;
    %set/v v0x1ddbed0_0, 8, 4;
    %jmp T_14.40;
T_14.39 ;
    %load/v 8, v0x1ddc340_0, 2;
    %cmpi/u 8, 1, 2;
    %jmp/1 T_14.41, 6;
    %cmpi/u 8, 2, 2;
    %jmp/1 T_14.42, 6;
    %cmpi/u 8, 0, 2;
    %jmp/1 T_14.43, 6;
    %jmp T_14.44;
T_14.41 ;
    %movi 8, 5, 4;
    %set/v v0x1ddbed0_0, 8, 4;
    %jmp T_14.44;
T_14.42 ;
    %movi 8, 10, 4;
    %set/v v0x1ddbed0_0, 8, 4;
    %jmp T_14.44;
T_14.43 ;
    %movi 8, 1, 4;
    %set/v v0x1ddbed0_0, 8, 4;
    %jmp T_14.44;
T_14.44 ;
T_14.40 ;
    %jmp T_14.12;
T_14.10 ;
    %movi 8, 79, 8;
    %ix/load 0, 8, 0;
    %assign/v0 v0x1ddbda0_0, 0, 8;
    %movi 8, 10, 4;
    %set/v v0x1ddbed0_0, 8, 4;
    %jmp T_14.12;
T_14.11 ;
    %movi 8, 67, 8;
    %ix/load 0, 8, 0;
    %assign/v0 v0x1ddbda0_0, 0, 8;
    %movi 8, 11, 4;
    %set/v v0x1ddbed0_0, 8, 4;
    %jmp T_14.12;
T_14.12 ;
    %jmp T_14;
    .thread T_14, $push;
    .scope S_0x1dd0390;
T_15 ;
    %wait E_0x1dd0480;
    %load/v 8, v0x1dd04f0_0, 4;
    %cmpi/u 8, 0, 4;
    %jmp/1 T_15.0, 6;
    %cmpi/u 8, 1, 4;
    %jmp/1 T_15.1, 6;
    %cmpi/u 8, 2, 4;
    %jmp/1 T_15.2, 6;
    %cmpi/u 8, 3, 4;
    %jmp/1 T_15.3, 6;
    %cmpi/u 8, 4, 4;
    %jmp/1 T_15.4, 6;
    %cmpi/u 8, 5, 4;
    %jmp/1 T_15.5, 6;
    %cmpi/u 8, 6, 4;
    %jmp/1 T_15.6, 6;
    %cmpi/u 8, 7, 4;
    %jmp/1 T_15.7, 6;
    %cmpi/u 8, 8, 4;
    %jmp/1 T_15.8, 6;
    %set/v v0x1dd05b0_0, 0, 9;
    %jmp T_15.10;
T_15.0 ;
    %movi 8, 1, 9;
    %set/v v0x1dd05b0_0, 8, 9;
    %jmp T_15.10;
T_15.1 ;
    %movi 8, 2, 9;
    %set/v v0x1dd05b0_0, 8, 9;
    %jmp T_15.10;
T_15.2 ;
    %movi 8, 4, 9;
    %set/v v0x1dd05b0_0, 8, 9;
    %jmp T_15.10;
T_15.3 ;
    %movi 8, 8, 9;
    %set/v v0x1dd05b0_0, 8, 9;
    %jmp T_15.10;
T_15.4 ;
    %movi 8, 16, 9;
    %set/v v0x1dd05b0_0, 8, 9;
    %jmp T_15.10;
T_15.5 ;
    %movi 8, 32, 9;
    %set/v v0x1dd05b0_0, 8, 9;
    %jmp T_15.10;
T_15.6 ;
    %movi 8, 64, 9;
    %set/v v0x1dd05b0_0, 8, 9;
    %jmp T_15.10;
T_15.7 ;
    %movi 8, 128, 9;
    %set/v v0x1dd05b0_0, 8, 9;
    %jmp T_15.10;
T_15.8 ;
    %movi 8, 256, 9;
    %set/v v0x1dd05b0_0, 8, 9;
    %jmp T_15.10;
T_15.10 ;
    %jmp T_15;
    .thread T_15, $push;
    .scope S_0x1d2a360;
T_16 ;
    %set/v v0x1d2a450_0, 0, 4;
    %end;
    .thread T_16;
    .scope S_0x1d2a360;
T_17 ;
    %wait E_0x1d043b0;
    %load/v 8, v0x1dd02f0_0, 8;
    %cmpi/u 8, 110, 8;
    %jmp/0xz  T_17.0, 4;
    %set/v v0x1d2a450_0, 0, 4;
    %jmp T_17.1;
T_17.0 ;
    %load/v 8, v0x1dd02f0_0, 8;
    %cmpi/u 8, 88, 8;
    %jmp/0xz  T_17.2, 4;
    %movi 8, 1, 4;
    %set/v v0x1d2a450_0, 8, 4;
    %jmp T_17.3;
T_17.2 ;
    %load/v 8, v0x1dd02f0_0, 8;
    %cmpi/u 8, 79, 8;
    %jmp/0xz  T_17.4, 4;
    %movi 8, 2, 4;
    %set/v v0x1d2a450_0, 8, 4;
    %jmp T_17.5;
T_17.4 ;
    %load/v 8, v0x1dd02f0_0, 8;
    %cmpi/u 8, 67, 8;
    %jmp/0xz  T_17.6, 4;
    %movi 8, 4, 4;
    %set/v v0x1d2a450_0, 8, 4;
    %jmp T_17.7;
T_17.6 ;
    %load/v 8, v0x1dd02f0_0, 8;
    %cmpi/u 8, 69, 8;
    %jmp/0xz  T_17.8, 4;
    %movi 8, 8, 4;
    %set/v v0x1d2a450_0, 8, 4;
    %jmp T_17.9;
T_17.8 ;
    %vpi_call 2 274 "$display", "* Error: No mapping for game result";
T_17.9 ;
T_17.7 ;
T_17.5 ;
T_17.3 ;
T_17.1 ;
    %jmp T_17;
    .thread T_17, $push;
    .scope S_0x1d6ca90;
T_18 ;
    %set/v v0x1dddf50_0, 0, 1;
    %end;
    .thread T_18;
    .scope S_0x1d6ca90;
T_19 ;
    %set/v v0x1ddd950_0, 0, 1;
    %end;
    .thread T_19;
    .scope S_0x1d6ca90;
T_20 ;
    %set/v v0x1ddd9d0_0, 0, 1;
    %end;
    .thread T_20;
    .scope S_0x1d6ca90;
T_21 ;
    %set/v v0x1ddd6b0_0, 0, 1;
    %end;
    .thread T_21;
    .scope S_0x1d6ca90;
T_22 ;
    %set/v v0x1ddd600_0, 0, 1;
    %end;
    .thread T_22;
    .scope S_0x1d6ca90;
T_23 ;
    %set/v v0x1dde060_0, 0, 4;
    %end;
    .thread T_23;
    .scope S_0x1d6ca90;
T_24 ;
    %set/v v0x1ddd810_0, 0, 9;
    %end;
    .thread T_24;
    .scope S_0x1d6ca90;
T_25 ;
    %set/v v0x1ddd760_0, 0, 9;
    %end;
    .thread T_25;
    .scope S_0x1d6ca90;
T_26 ;
    %set/v v0x1ddd890_0, 0, 4;
    %end;
    .thread T_26;
    .scope S_0x1d6ca90;
T_27 ;
    %vpi_call 2 69 "$dumpfile", "dump.vcd";
    %vpi_call 2 69 "$dumpvars";
    %end;
    .thread T_27;
    .scope S_0x1d6ca90;
T_28 ;
    %movi 8, 10, 32;
    %set/v v0x1ddcff0_0, 8, 32;
    %fork TD_game_tb.rst_turn, S_0x1ddcf00;
    %join;
    %vpi_call 2 79 "$readmemb", "moves.txt", v0x1ddd560;
    %set/v v0x1dddc00_0, 0, 32;
T_28.0 ;
    %load/v 8, v0x1dddc00_0, 32;
   %cmpi/s 8, 12, 32;
    %jmp/0xz T_28.1, 5;
    %fork TD_game_tb.load_move, S_0x1ddd1a0;
    %join;
    %load/v 8, v0x1dde060_0, 4;
    %cmpi/u 8, 15, 4;
    %jmp/0xz  T_28.2, 4;
    %movi 8, 1, 32;
    %set/v v0x1ddcff0_0, 8, 32;
    %fork TD_game_tb.rst_turn, S_0x1ddcf00;
    %join;
    %jmp T_28.3;
T_28.2 ;
    %load/v 8, v0x1dde060_0, 4;
    %cmpi/u 8, 13, 4;
    %jmp/0xz  T_28.4, 4;
    %vpi_call 2 89 "$display", "* Status: wait cycles";
    %movi 8, 4, 32;
    %set/v v0x1ddca00_0, 8, 32;
    %fork TD_game_tb.wait_cycles, S_0x1ddcc10;
    %join;
    %jmp T_28.5;
T_28.4 ;
    %load/v 8, v0x1dde200_0, 1;
    %load/v 9, v0x1dde180_0, 1;
    %or 8, 9, 1;
    %jmp/0xz  T_28.6, 8;
    %fork TD_game_tb.turn, S_0x1ddcd20;
    %join;
    %jmp T_28.7;
T_28.6 ;
    %fork TD_game_tb.no_turn, S_0x1ddd0b0;
    %join;
T_28.7 ;
    %vpi_call 2 98 "$display", "*\012* New Turn\012*";
T_28.5 ;
T_28.3 ;
    %ix/load 0, 1, 0;
    %load/vp0/s 8, v0x1dddc00_0, 32;
    %set/v v0x1dddc00_0, 8, 32;
    %jmp T_28.0;
T_28.1 ;
    %vpi_call 2 101 "$display", "*\012*\012* Status: DONE\012*\012*";
    %vpi_call 2 103 "$finish";
    %end;
    .thread T_28;
    .scope S_0x1d6ca90;
T_29 ;
    %delay 10000, 0;
    %load/v 8, v0x1ddd950_0, 1;
    %inv 8, 1;
    %set/v v0x1ddd950_0, 8, 1;
    %jmp T_29;
    .thread T_29;
    .scope S_0x1d6ca90;
T_30 ;
    %delay 50000, 0;
    %load/v 8, v0x1ddd9d0_0, 1;
    %inv 8, 1;
    %set/v v0x1ddd9d0_0, 8, 1;
    %jmp T_30;
    .thread T_30;
# The file index is used to find the file name in the following table.
:file_names 4;
    "N/A";
    "<interactive>";
    "./dassign3.tb.v";
    "./dassign3.v";
